[2026-05-03T23:50:59.019+0000] {processor.py:161} INFO - Started process (PID=162) to work on /opt/airflow/dags/etl_pipeline.py
[2026-05-03T23:50:59.021+0000] {processor.py:830} INFO - Processing file /opt/airflow/dags/etl_pipeline.py for tasks to queue
[2026-05-03T23:50:59.023+0000] {logging_mixin.py:188} INFO - [2026-05-03T23:50:59.023+0000] {dagbag.py:538} INFO - Filling up the DagBag from /opt/airflow/dags/etl_pipeline.py
[2026-05-03T23:51:00.134+0000] {processor.py:840} INFO - DAG(s) 'etl_airbnb_pipeline' retrieved from /opt/airflow/dags/etl_pipeline.py
[2026-05-03T23:51:00.158+0000] {logging_mixin.py:188} INFO - [2026-05-03T23:51:00.157+0000] {dag.py:3036} INFO - Sync 1 DAGs
[2026-05-03T23:51:00.180+0000] {logging_mixin.py:188} INFO - [2026-05-03T23:51:00.180+0000] {dag.py:3823} INFO - Setting next_dagrun for etl_airbnb_pipeline to 2026-05-02 00:00:00+00:00, run_after=2026-05-03 00:00:00+00:00
[2026-05-03T23:51:00.199+0000] {processor.py:183} INFO - Processing /opt/airflow/dags/etl_pipeline.py took 1.184 seconds
[2026-05-03T23:51:30.401+0000] {processor.py:161} INFO - Started process (PID=168) to work on /opt/airflow/dags/etl_pipeline.py
[2026-05-03T23:51:30.402+0000] {processor.py:830} INFO - Processing file /opt/airflow/dags/etl_pipeline.py for tasks to queue
[2026-05-03T23:51:30.403+0000] {logging_mixin.py:188} INFO - [2026-05-03T23:51:30.403+0000] {dagbag.py:538} INFO - Filling up the DagBag from /opt/airflow/dags/etl_pipeline.py
[2026-05-03T23:51:30.654+0000] {processor.py:840} INFO - DAG(s) 'etl_airbnb_pipeline' retrieved from /opt/airflow/dags/etl_pipeline.py
[2026-05-03T23:51:30.959+0000] {logging_mixin.py:188} INFO - [2026-05-03T23:51:30.959+0000] {dag.py:3036} INFO - Sync 1 DAGs
[2026-05-03T23:51:30.974+0000] {logging_mixin.py:188} INFO - [2026-05-03T23:51:30.974+0000] {dag.py:3823} INFO - Setting next_dagrun for etl_airbnb_pipeline to 2026-05-02 00:00:00+00:00, run_after=2026-05-03 00:00:00+00:00
[2026-05-03T23:51:30.993+0000] {processor.py:183} INFO - Processing /opt/airflow/dags/etl_pipeline.py took 0.595 seconds
[2026-05-03T23:52:01.242+0000] {processor.py:161} INFO - Started process (PID=194) to work on /opt/airflow/dags/etl_pipeline.py
[2026-05-03T23:52:01.243+0000] {processor.py:830} INFO - Processing file /opt/airflow/dags/etl_pipeline.py for tasks to queue
[2026-05-03T23:52:01.244+0000] {logging_mixin.py:188} INFO - [2026-05-03T23:52:01.243+0000] {dagbag.py:538} INFO - Filling up the DagBag from /opt/airflow/dags/etl_pipeline.py
[2026-05-03T23:52:01.438+0000] {processor.py:840} INFO - DAG(s) 'etl_airbnb_pipeline' retrieved from /opt/airflow/dags/etl_pipeline.py
[2026-05-03T23:52:01.461+0000] {logging_mixin.py:188} INFO - [2026-05-03T23:52:01.461+0000] {dag.py:3036} INFO - Sync 1 DAGs
[2026-05-03T23:52:01.480+0000] {logging_mixin.py:188} INFO - [2026-05-03T23:52:01.479+0000] {dag.py:3823} INFO - Setting next_dagrun for etl_airbnb_pipeline to 2026-05-02 00:00:00+00:00, run_after=2026-05-03 00:00:00+00:00
[2026-05-03T23:52:01.499+0000] {processor.py:183} INFO - Processing /opt/airflow/dags/etl_pipeline.py took 0.259 seconds
[2026-05-03T23:52:31.706+0000] {processor.py:161} INFO - Started process (PID=200) to work on /opt/airflow/dags/etl_pipeline.py
[2026-05-03T23:52:31.707+0000] {processor.py:830} INFO - Processing file /opt/airflow/dags/etl_pipeline.py for tasks to queue
[2026-05-03T23:52:31.707+0000] {logging_mixin.py:188} INFO - [2026-05-03T23:52:31.707+0000] {dagbag.py:538} INFO - Filling up the DagBag from /opt/airflow/dags/etl_pipeline.py
[2026-05-03T23:52:31.916+0000] {processor.py:840} INFO - DAG(s) 'etl_airbnb_pipeline' retrieved from /opt/airflow/dags/etl_pipeline.py
[2026-05-03T23:52:31.940+0000] {logging_mixin.py:188} INFO - [2026-05-03T23:52:31.940+0000] {dag.py:3036} INFO - Sync 1 DAGs
[2026-05-03T23:52:31.958+0000] {logging_mixin.py:188} INFO - [2026-05-03T23:52:31.958+0000] {dag.py:3823} INFO - Setting next_dagrun for etl_airbnb_pipeline to 2026-05-02 00:00:00+00:00, run_after=2026-05-03 00:00:00+00:00
[2026-05-03T23:52:31.978+0000] {processor.py:183} INFO - Processing /opt/airflow/dags/etl_pipeline.py took 0.274 seconds
[2026-05-03T23:53:02.213+0000] {processor.py:161} INFO - Started process (PID=206) to work on /opt/airflow/dags/etl_pipeline.py
[2026-05-03T23:53:02.214+0000] {processor.py:830} INFO - Processing file /opt/airflow/dags/etl_pipeline.py for tasks to queue
[2026-05-03T23:53:02.215+0000] {logging_mixin.py:188} INFO - [2026-05-03T23:53:02.215+0000] {dagbag.py:538} INFO - Filling up the DagBag from /opt/airflow/dags/etl_pipeline.py
[2026-05-03T23:53:02.417+0000] {processor.py:840} INFO - DAG(s) 'etl_airbnb_pipeline' retrieved from /opt/airflow/dags/etl_pipeline.py
[2026-05-03T23:53:02.443+0000] {logging_mixin.py:188} INFO - [2026-05-03T23:53:02.443+0000] {dag.py:3036} INFO - Sync 1 DAGs
[2026-05-03T23:53:02.460+0000] {logging_mixin.py:188} INFO - [2026-05-03T23:53:02.459+0000] {dag.py:3823} INFO - Setting next_dagrun for etl_airbnb_pipeline to 2026-05-02 00:00:00+00:00, run_after=2026-05-03 00:00:00+00:00
[2026-05-03T23:53:02.477+0000] {processor.py:183} INFO - Processing /opt/airflow/dags/etl_pipeline.py took 0.267 seconds
[2026-05-03T23:53:32.670+0000] {processor.py:161} INFO - Started process (PID=212) to work on /opt/airflow/dags/etl_pipeline.py
[2026-05-03T23:53:32.671+0000] {processor.py:830} INFO - Processing file /opt/airflow/dags/etl_pipeline.py for tasks to queue
[2026-05-03T23:53:32.672+0000] {logging_mixin.py:188} INFO - [2026-05-03T23:53:32.671+0000] {dagbag.py:538} INFO - Filling up the DagBag from /opt/airflow/dags/etl_pipeline.py
[2026-05-03T23:53:32.890+0000] {processor.py:840} INFO - DAG(s) 'etl_airbnb_pipeline' retrieved from /opt/airflow/dags/etl_pipeline.py
[2026-05-03T23:53:32.917+0000] {logging_mixin.py:188} INFO - [2026-05-03T23:53:32.917+0000] {dag.py:3036} INFO - Sync 1 DAGs
[2026-05-03T23:53:32.936+0000] {logging_mixin.py:188} INFO - [2026-05-03T23:53:32.936+0000] {dag.py:3823} INFO - Setting next_dagrun for etl_airbnb_pipeline to 2026-05-02 00:00:00+00:00, run_after=2026-05-03 00:00:00+00:00
[2026-05-03T23:53:32.955+0000] {processor.py:183} INFO - Processing /opt/airflow/dags/etl_pipeline.py took 0.287 seconds
[2026-05-03T23:54:03.223+0000] {processor.py:161} INFO - Started process (PID=218) to work on /opt/airflow/dags/etl_pipeline.py
[2026-05-03T23:54:03.224+0000] {processor.py:830} INFO - Processing file /opt/airflow/dags/etl_pipeline.py for tasks to queue
[2026-05-03T23:54:03.224+0000] {logging_mixin.py:188} INFO - [2026-05-03T23:54:03.224+0000] {dagbag.py:538} INFO - Filling up the DagBag from /opt/airflow/dags/etl_pipeline.py
[2026-05-03T23:54:03.415+0000] {processor.py:840} INFO - DAG(s) 'etl_airbnb_pipeline' retrieved from /opt/airflow/dags/etl_pipeline.py
[2026-05-03T23:54:03.437+0000] {logging_mixin.py:188} INFO - [2026-05-03T23:54:03.437+0000] {dag.py:3036} INFO - Sync 1 DAGs
[2026-05-03T23:54:03.455+0000] {logging_mixin.py:188} INFO - [2026-05-03T23:54:03.454+0000] {dag.py:3823} INFO - Setting next_dagrun for etl_airbnb_pipeline to 2026-05-02 00:00:00+00:00, run_after=2026-05-03 00:00:00+00:00
[2026-05-03T23:54:03.475+0000] {processor.py:183} INFO - Processing /opt/airflow/dags/etl_pipeline.py took 0.255 seconds
[2026-05-03T23:54:33.761+0000] {processor.py:161} INFO - Started process (PID=224) to work on /opt/airflow/dags/etl_pipeline.py
[2026-05-03T23:54:33.762+0000] {processor.py:830} INFO - Processing file /opt/airflow/dags/etl_pipeline.py for tasks to queue
[2026-05-03T23:54:33.763+0000] {logging_mixin.py:188} INFO - [2026-05-03T23:54:33.763+0000] {dagbag.py:538} INFO - Filling up the DagBag from /opt/airflow/dags/etl_pipeline.py
[2026-05-03T23:54:33.975+0000] {processor.py:840} INFO - DAG(s) 'etl_airbnb_pipeline' retrieved from /opt/airflow/dags/etl_pipeline.py
[2026-05-03T23:54:33.996+0000] {logging_mixin.py:188} INFO - [2026-05-03T23:54:33.996+0000] {dag.py:3036} INFO - Sync 1 DAGs
[2026-05-03T23:54:34.012+0000] {logging_mixin.py:188} INFO - [2026-05-03T23:54:34.012+0000] {dag.py:3823} INFO - Setting next_dagrun for etl_airbnb_pipeline to 2026-05-02 00:00:00+00:00, run_after=2026-05-03 00:00:00+00:00
[2026-05-03T23:54:34.029+0000] {processor.py:183} INFO - Processing /opt/airflow/dags/etl_pipeline.py took 0.270 seconds
[2026-05-03T23:55:04.318+0000] {processor.py:161} INFO - Started process (PID=230) to work on /opt/airflow/dags/etl_pipeline.py
[2026-05-03T23:55:04.319+0000] {processor.py:830} INFO - Processing file /opt/airflow/dags/etl_pipeline.py for tasks to queue
[2026-05-03T23:55:04.319+0000] {logging_mixin.py:188} INFO - [2026-05-03T23:55:04.319+0000] {dagbag.py:538} INFO - Filling up the DagBag from /opt/airflow/dags/etl_pipeline.py
[2026-05-03T23:55:04.514+0000] {processor.py:840} INFO - DAG(s) 'etl_airbnb_pipeline' retrieved from /opt/airflow/dags/etl_pipeline.py
[2026-05-03T23:55:04.536+0000] {logging_mixin.py:188} INFO - [2026-05-03T23:55:04.536+0000] {dag.py:3036} INFO - Sync 1 DAGs
[2026-05-03T23:55:04.552+0000] {logging_mixin.py:188} INFO - [2026-05-03T23:55:04.552+0000] {dag.py:3823} INFO - Setting next_dagrun for etl_airbnb_pipeline to 2026-05-02 00:00:00+00:00, run_after=2026-05-03 00:00:00+00:00
[2026-05-03T23:55:04.572+0000] {processor.py:183} INFO - Processing /opt/airflow/dags/etl_pipeline.py took 0.257 seconds
[2026-05-03T23:55:34.641+0000] {processor.py:161} INFO - Started process (PID=236) to work on /opt/airflow/dags/etl_pipeline.py
[2026-05-03T23:55:34.642+0000] {processor.py:830} INFO - Processing file /opt/airflow/dags/etl_pipeline.py for tasks to queue
[2026-05-03T23:55:34.643+0000] {logging_mixin.py:188} INFO - [2026-05-03T23:55:34.643+0000] {dagbag.py:538} INFO - Filling up the DagBag from /opt/airflow/dags/etl_pipeline.py
[2026-05-03T23:55:34.832+0000] {processor.py:840} INFO - DAG(s) 'etl_airbnb_pipeline' retrieved from /opt/airflow/dags/etl_pipeline.py
[2026-05-03T23:55:34.854+0000] {logging_mixin.py:188} INFO - [2026-05-03T23:55:34.854+0000] {dag.py:3036} INFO - Sync 1 DAGs
[2026-05-03T23:55:34.869+0000] {logging_mixin.py:188} INFO - [2026-05-03T23:55:34.869+0000] {dag.py:3823} INFO - Setting next_dagrun for etl_airbnb_pipeline to 2026-05-02 00:00:00+00:00, run_after=2026-05-03 00:00:00+00:00
[2026-05-03T23:55:34.887+0000] {processor.py:183} INFO - Processing /opt/airflow/dags/etl_pipeline.py took 0.248 seconds
[2026-05-03T23:56:05.159+0000] {processor.py:161} INFO - Started process (PID=242) to work on /opt/airflow/dags/etl_pipeline.py
[2026-05-03T23:56:05.161+0000] {processor.py:830} INFO - Processing file /opt/airflow/dags/etl_pipeline.py for tasks to queue
[2026-05-03T23:56:05.162+0000] {logging_mixin.py:188} INFO - [2026-05-03T23:56:05.161+0000] {dagbag.py:538} INFO - Filling up the DagBag from /opt/airflow/dags/etl_pipeline.py
[2026-05-03T23:56:05.366+0000] {processor.py:840} INFO - DAG(s) 'etl_airbnb_pipeline' retrieved from /opt/airflow/dags/etl_pipeline.py
[2026-05-03T23:56:05.386+0000] {logging_mixin.py:188} INFO - [2026-05-03T23:56:05.386+0000] {dag.py:3036} INFO - Sync 1 DAGs
[2026-05-03T23:56:05.401+0000] {logging_mixin.py:188} INFO - [2026-05-03T23:56:05.401+0000] {dag.py:3823} INFO - Setting next_dagrun for etl_airbnb_pipeline to 2026-05-02 00:00:00+00:00, run_after=2026-05-03 00:00:00+00:00
[2026-05-03T23:56:05.418+0000] {processor.py:183} INFO - Processing /opt/airflow/dags/etl_pipeline.py took 0.262 seconds
[2026-05-03T23:56:35.654+0000] {processor.py:161} INFO - Started process (PID=248) to work on /opt/airflow/dags/etl_pipeline.py
[2026-05-03T23:56:35.655+0000] {processor.py:830} INFO - Processing file /opt/airflow/dags/etl_pipeline.py for tasks to queue
[2026-05-03T23:56:35.656+0000] {logging_mixin.py:188} INFO - [2026-05-03T23:56:35.656+0000] {dagbag.py:538} INFO - Filling up the DagBag from /opt/airflow/dags/etl_pipeline.py
[2026-05-03T23:56:35.861+0000] {processor.py:840} INFO - DAG(s) 'etl_airbnb_pipeline' retrieved from /opt/airflow/dags/etl_pipeline.py
[2026-05-03T23:56:35.882+0000] {logging_mixin.py:188} INFO - [2026-05-03T23:56:35.882+0000] {dag.py:3036} INFO - Sync 1 DAGs
[2026-05-03T23:56:35.900+0000] {logging_mixin.py:188} INFO - [2026-05-03T23:56:35.900+0000] {dag.py:3823} INFO - Setting next_dagrun for etl_airbnb_pipeline to 2026-05-02 00:00:00+00:00, run_after=2026-05-03 00:00:00+00:00
[2026-05-03T23:56:35.920+0000] {processor.py:183} INFO - Processing /opt/airflow/dags/etl_pipeline.py took 0.269 seconds
[2026-05-03T23:57:06.142+0000] {processor.py:161} INFO - Started process (PID=254) to work on /opt/airflow/dags/etl_pipeline.py
[2026-05-03T23:57:06.143+0000] {processor.py:830} INFO - Processing file /opt/airflow/dags/etl_pipeline.py for tasks to queue
[2026-05-03T23:57:06.144+0000] {logging_mixin.py:188} INFO - [2026-05-03T23:57:06.143+0000] {dagbag.py:538} INFO - Filling up the DagBag from /opt/airflow/dags/etl_pipeline.py
[2026-05-03T23:57:06.355+0000] {processor.py:840} INFO - DAG(s) 'etl_airbnb_pipeline' retrieved from /opt/airflow/dags/etl_pipeline.py
[2026-05-03T23:57:06.379+0000] {logging_mixin.py:188} INFO - [2026-05-03T23:57:06.379+0000] {dag.py:3036} INFO - Sync 1 DAGs
[2026-05-03T23:57:06.397+0000] {logging_mixin.py:188} INFO - [2026-05-03T23:57:06.396+0000] {dag.py:3823} INFO - Setting next_dagrun for etl_airbnb_pipeline to 2026-05-02 00:00:00+00:00, run_after=2026-05-03 00:00:00+00:00
[2026-05-03T23:57:06.416+0000] {processor.py:183} INFO - Processing /opt/airflow/dags/etl_pipeline.py took 0.277 seconds
[2026-05-03T23:57:36.673+0000] {processor.py:161} INFO - Started process (PID=260) to work on /opt/airflow/dags/etl_pipeline.py
[2026-05-03T23:57:36.674+0000] {processor.py:830} INFO - Processing file /opt/airflow/dags/etl_pipeline.py for tasks to queue
[2026-05-03T23:57:36.675+0000] {logging_mixin.py:188} INFO - [2026-05-03T23:57:36.675+0000] {dagbag.py:538} INFO - Filling up the DagBag from /opt/airflow/dags/etl_pipeline.py
[2026-05-03T23:57:36.927+0000] {processor.py:840} INFO - DAG(s) 'etl_airbnb_pipeline' retrieved from /opt/airflow/dags/etl_pipeline.py
[2026-05-03T23:57:36.961+0000] {logging_mixin.py:188} INFO - [2026-05-03T23:57:36.960+0000] {dag.py:3036} INFO - Sync 1 DAGs
[2026-05-03T23:57:36.981+0000] {logging_mixin.py:188} INFO - [2026-05-03T23:57:36.981+0000] {dag.py:3823} INFO - Setting next_dagrun for etl_airbnb_pipeline to 2026-05-02 00:00:00+00:00, run_after=2026-05-03 00:00:00+00:00
[2026-05-03T23:57:37.001+0000] {processor.py:183} INFO - Processing /opt/airflow/dags/etl_pipeline.py took 0.330 seconds
