[2026-05-03T22:15:53.012+0000] {taskinstance.py:1956} INFO - Dependencies all met for dep_context=non-requeueable deps ti=<TaskInstance: etl_airbnb_pipeline.load_to_postgres manual__2026-05-03T22:05:45.534070+00:00 [queued]>
[2026-05-03T22:15:53.019+0000] {taskinstance.py:1956} INFO - Dependencies all met for dep_context=requeueable deps ti=<TaskInstance: etl_airbnb_pipeline.load_to_postgres manual__2026-05-03T22:05:45.534070+00:00 [queued]>
[2026-05-03T22:15:53.020+0000] {taskinstance.py:2170} INFO - Starting attempt 3 of 3
[2026-05-03T22:15:53.034+0000] {taskinstance.py:2191} INFO - Executing <Task(PythonOperator): load_to_postgres> on 2026-05-03 22:05:45.534070+00:00
[2026-05-03T22:15:53.039+0000] {standard_task_runner.py:60} INFO - Started process 1355 to run task
[2026-05-03T22:15:53.042+0000] {standard_task_runner.py:87} INFO - Running: ['***', 'tasks', 'run', 'etl_airbnb_pipeline', 'load_to_postgres', 'manual__2026-05-03T22:05:45.534070+00:00', '--job-id', '44', '--raw', '--subdir', 'DAGS_FOLDER/etl_pipeline.py', '--cfg-path', '/tmp/tmpxg5vs7zg']
[2026-05-03T22:15:53.044+0000] {standard_task_runner.py:88} INFO - Job 44: Subtask load_to_postgres
[2026-05-03T22:15:53.093+0000] {task_command.py:423} INFO - Running <TaskInstance: etl_airbnb_pipeline.load_to_postgres manual__2026-05-03T22:05:45.534070+00:00 [running]> on host 0dac0283763d
[2026-05-03T22:15:53.395+0000] {taskinstance.py:2480} INFO - Exporting env vars: AIRFLOW_CTX_DAG_OWNER='jaime' AIRFLOW_CTX_DAG_ID='etl_airbnb_pipeline' AIRFLOW_CTX_TASK_ID='load_to_postgres' AIRFLOW_CTX_EXECUTION_DATE='2026-05-03T22:05:45.534070+00:00' AIRFLOW_CTX_TRY_NUMBER='3' AIRFLOW_CTX_DAG_RUN_ID='manual__2026-05-03T22:05:45.534070+00:00'
[2026-05-03T22:15:54.454+0000] {taskinstance.py:2698} ERROR - Task failed with exception
Traceback (most recent call last):
  File "/home/airflow/.local/lib/python3.8/site-packages/airflow/models/taskinstance.py", line 433, in _execute_task
    result = execute_callable(context=context, **execute_callable_kwargs)
  File "/home/airflow/.local/lib/python3.8/site-packages/airflow/operators/python.py", line 199, in execute
    return_value = self.execute_callable()
  File "/home/airflow/.local/lib/python3.8/site-packages/airflow/operators/python.py", line 216, in execute_callable
    return self.python_callable(*self.op_args, **self.op_kwargs)
  File "/opt/airflow/dags/etl_pipeline.py", line 87, in load_to_postgres
    conn.commit()
AttributeError: 'Connection' object has no attribute 'commit'
[2026-05-03T22:15:54.469+0000] {taskinstance.py:1138} INFO - Marking task as FAILED. dag_id=etl_airbnb_pipeline, task_id=load_to_postgres, execution_date=20260503T220545, start_date=20260503T221553, end_date=20260503T221554
[2026-05-03T22:15:54.482+0000] {standard_task_runner.py:107} ERROR - Failed to execute job 44 for task load_to_postgres ('Connection' object has no attribute 'commit'; 1355)
[2026-05-03T22:15:54.500+0000] {local_task_job_runner.py:234} INFO - Task exited with return code 1
[2026-05-03T22:15:54.516+0000] {taskinstance.py:3280} INFO - 0 downstream tasks scheduled from follow-on schedule check
