[2026-05-04T00:39:33.727+0000] {taskinstance.py:1956} INFO - Dependencies all met for dep_context=non-requeueable deps ti=<TaskInstance: etl_airbnb_pipeline.extract_airbnb manual__2026-05-04T00:27:50+00:00 [queued]>
[2026-05-04T00:39:33.735+0000] {taskinstance.py:1956} INFO - Dependencies all met for dep_context=requeueable deps ti=<TaskInstance: etl_airbnb_pipeline.extract_airbnb manual__2026-05-04T00:27:50+00:00 [queued]>
[2026-05-04T00:39:33.736+0000] {taskinstance.py:2170} INFO - Starting attempt 2 of 3
[2026-05-04T00:39:33.749+0000] {taskinstance.py:2191} INFO - Executing <Task(PythonOperator): extract_airbnb> on 2026-05-04 00:27:50+00:00
[2026-05-04T00:39:33.756+0000] {standard_task_runner.py:60} INFO - Started process 407 to run task
[2026-05-04T00:39:33.763+0000] {standard_task_runner.py:87} INFO - Running: ['***', 'tasks', 'run', 'etl_airbnb_pipeline', 'extract_airbnb', 'manual__2026-05-04T00:27:50+00:00', '--job-id', '18', '--raw', '--subdir', 'DAGS_FOLDER/etl_pipeline.py', '--cfg-path', '/tmp/tmp4kxq35v3']
[2026-05-04T00:39:33.770+0000] {standard_task_runner.py:88} INFO - Job 18: Subtask extract_airbnb
[2026-05-04T00:39:33.834+0000] {task_command.py:423} INFO - Running <TaskInstance: etl_airbnb_pipeline.extract_airbnb manual__2026-05-04T00:27:50+00:00 [running]> on host f42022256ec2
[2026-05-04T00:39:34.063+0000] {taskinstance.py:2480} INFO - Exporting env vars: AIRFLOW_CTX_DAG_OWNER='jaime' AIRFLOW_CTX_DAG_ID='etl_airbnb_pipeline' AIRFLOW_CTX_TASK_ID='extract_airbnb' AIRFLOW_CTX_EXECUTION_DATE='2026-05-04T00:27:50+00:00' AIRFLOW_CTX_TRY_NUMBER='2' AIRFLOW_CTX_DAG_RUN_ID='manual__2026-05-04T00:27:50+00:00'
[2026-05-04T00:39:34.069+0000] {taskinstance.py:2698} ERROR - Task failed with exception
Traceback (most recent call last):
  File "/home/airflow/.local/lib/python3.8/site-packages/airflow/models/taskinstance.py", line 433, in _execute_task
    result = execute_callable(context=context, **execute_callable_kwargs)
  File "/home/airflow/.local/lib/python3.8/site-packages/airflow/operators/python.py", line 199, in execute
    return_value = self.execute_callable()
  File "/home/airflow/.local/lib/python3.8/site-packages/airflow/operators/python.py", line 216, in execute_callable
    return self.python_callable(*self.op_args, **self.op_kwargs)
  File "/opt/airflow/dags/etl_pipeline.py", line 26, in extract_airbnb
    shutil.copy(origen,destino)
  File "/usr/local/lib/python3.8/shutil.py", line 418, in copy
    copyfile(src, dst, follow_symlinks=follow_symlinks)
  File "/usr/local/lib/python3.8/shutil.py", line 264, in copyfile
    with open(src, 'rb') as fsrc, open(dst, 'wb') as fdst:
FileNotFoundError: [Errno 2] No such file or directory: '/opt/airflow/data/processed/listings_clean.csv'
[2026-05-04T00:39:34.079+0000] {taskinstance.py:1138} INFO - Marking task as UP_FOR_RETRY. dag_id=etl_airbnb_pipeline, task_id=extract_airbnb, execution_date=20260504T002750, start_date=20260504T003933, end_date=20260504T003934
[2026-05-04T00:39:34.090+0000] {standard_task_runner.py:107} ERROR - Failed to execute job 18 for task extract_airbnb ([Errno 2] No such file or directory: '/opt/airflow/data/processed/listings_clean.csv'; 407)
[2026-05-04T00:39:34.132+0000] {local_task_job_runner.py:234} INFO - Task exited with return code 1
[2026-05-04T00:39:34.151+0000] {taskinstance.py:3280} INFO - 0 downstream tasks scheduled from follow-on schedule check
