[2026-05-03T21:51:05.242+0000] {taskinstance.py:1956} INFO - Dependencies all met for dep_context=non-requeueable deps ti=<TaskInstance: etl_airbnb_pipeline.load_to_postgres manual__2026-05-03T21:51:01+00:00 [queued]>
[2026-05-03T21:51:05.249+0000] {taskinstance.py:1956} INFO - Dependencies all met for dep_context=requeueable deps ti=<TaskInstance: etl_airbnb_pipeline.load_to_postgres manual__2026-05-03T21:51:01+00:00 [queued]>
[2026-05-03T21:51:05.250+0000] {taskinstance.py:2170} INFO - Starting attempt 1 of 3
[2026-05-03T21:51:05.261+0000] {taskinstance.py:2191} INFO - Executing <Task(PythonOperator): load_to_postgres> on 2026-05-03 21:51:01+00:00
[2026-05-03T21:51:05.267+0000] {standard_task_runner.py:60} INFO - Started process 1018 to run task
[2026-05-03T21:51:05.269+0000] {standard_task_runner.py:87} INFO - Running: ['***', 'tasks', 'run', 'etl_airbnb_pipeline', 'load_to_postgres', 'manual__2026-05-03T21:51:01+00:00', '--job-id', '32', '--raw', '--subdir', 'DAGS_FOLDER/etl_pipeline.py', '--cfg-path', '/tmp/tmpref2grrk']
[2026-05-03T21:51:05.271+0000] {standard_task_runner.py:88} INFO - Job 32: Subtask load_to_postgres
[2026-05-03T21:51:05.313+0000] {task_command.py:423} INFO - Running <TaskInstance: etl_airbnb_pipeline.load_to_postgres manual__2026-05-03T21:51:01+00:00 [running]> on host 0dac0283763d
[2026-05-03T21:51:05.491+0000] {taskinstance.py:2480} INFO - Exporting env vars: AIRFLOW_CTX_DAG_OWNER='jaime' AIRFLOW_CTX_DAG_ID='etl_airbnb_pipeline' AIRFLOW_CTX_TASK_ID='load_to_postgres' AIRFLOW_CTX_EXECUTION_DATE='2026-05-03T21:51:01+00:00' AIRFLOW_CTX_TRY_NUMBER='1' AIRFLOW_CTX_DAG_RUN_ID='manual__2026-05-03T21:51:01+00:00'
[2026-05-03T21:51:06.290+0000] {taskinstance.py:2698} ERROR - Task failed with exception
Traceback (most recent call last):
  File "/home/airflow/.local/lib/python3.8/site-packages/sqlalchemy/engine/base.py", line 1910, in _execute_context
    self.dialect.do_execute(
  File "/home/airflow/.local/lib/python3.8/site-packages/sqlalchemy/engine/default.py", line 736, in do_execute
    cursor.execute(statement, parameters)
psycopg2.errors.DependentObjectsStillExist: cannot drop table listings because other objects depend on it
DETAIL:  view dbt_dev.stg_listings depends on table listings
view dbt_dev_bronze.stg_listings depends on table listings
HINT:  Use DROP ... CASCADE to drop the dependent objects too.


The above exception was the direct cause of the following exception:

Traceback (most recent call last):
  File "/home/airflow/.local/lib/python3.8/site-packages/airflow/models/taskinstance.py", line 433, in _execute_task
    result = execute_callable(context=context, **execute_callable_kwargs)
  File "/home/airflow/.local/lib/python3.8/site-packages/airflow/operators/python.py", line 199, in execute
    return_value = self.execute_callable()
  File "/home/airflow/.local/lib/python3.8/site-packages/airflow/operators/python.py", line 216, in execute_callable
    return self.python_callable(*self.op_args, **self.op_kwargs)
  File "/opt/airflow/dags/etl_pipeline.py", line 82, in load_to_postgres
    df.to_sql(tabla, engine, if_exists="replace", index=False)
  File "/home/airflow/.local/lib/python3.8/site-packages/pandas/core/generic.py", line 2878, in to_sql
    return sql.to_sql(
  File "/home/airflow/.local/lib/python3.8/site-packages/pandas/io/sql.py", line 769, in to_sql
    return pandas_sql.to_sql(
  File "/home/airflow/.local/lib/python3.8/site-packages/pandas/io/sql.py", line 1910, in to_sql
    table = self.prep_table(
  File "/home/airflow/.local/lib/python3.8/site-packages/pandas/io/sql.py", line 1814, in prep_table
    table.create()
  File "/home/airflow/.local/lib/python3.8/site-packages/pandas/io/sql.py", line 907, in create
    self.pd_sql.drop_table(self.name, self.schema)
  File "/home/airflow/.local/lib/python3.8/site-packages/pandas/io/sql.py", line 1963, in drop_table
    self.get_table(table_name, schema).drop(bind=self.con)
  File "/home/airflow/.local/lib/python3.8/site-packages/sqlalchemy/sql/schema.py", line 979, in drop
    bind._run_ddl_visitor(ddl.SchemaDropper, self, checkfirst=checkfirst)
  File "/home/airflow/.local/lib/python3.8/site-packages/sqlalchemy/engine/base.py", line 2221, in _run_ddl_visitor
    visitorcallable(self.dialect, self, **kwargs).traverse_single(element)
  File "/home/airflow/.local/lib/python3.8/site-packages/sqlalchemy/sql/visitors.py", line 524, in traverse_single
    return meth(obj, **kw)
  File "/home/airflow/.local/lib/python3.8/site-packages/sqlalchemy/sql/ddl.py", line 1106, in visit_table
    self.connection.execute(DropTable(table))
  File "/home/airflow/.local/lib/python3.8/site-packages/sqlalchemy/engine/base.py", line 1385, in execute
    return meth(self, multiparams, params, _EMPTY_EXECUTION_OPTS)
  File "/home/airflow/.local/lib/python3.8/site-packages/sqlalchemy/sql/ddl.py", line 80, in _execute_on_connection
    return connection._execute_ddl(
  File "/home/airflow/.local/lib/python3.8/site-packages/sqlalchemy/engine/base.py", line 1477, in _execute_ddl
    ret = self._execute_context(
  File "/home/airflow/.local/lib/python3.8/site-packages/sqlalchemy/engine/base.py", line 1953, in _execute_context
    self._handle_dbapi_exception(
  File "/home/airflow/.local/lib/python3.8/site-packages/sqlalchemy/engine/base.py", line 2134, in _handle_dbapi_exception
    util.raise_(
  File "/home/airflow/.local/lib/python3.8/site-packages/sqlalchemy/util/compat.py", line 211, in raise_
    raise exception
  File "/home/airflow/.local/lib/python3.8/site-packages/sqlalchemy/engine/base.py", line 1910, in _execute_context
    self.dialect.do_execute(
  File "/home/airflow/.local/lib/python3.8/site-packages/sqlalchemy/engine/default.py", line 736, in do_execute
    cursor.execute(statement, parameters)
sqlalchemy.exc.InternalError: (psycopg2.errors.DependentObjectsStillExist) cannot drop table listings because other objects depend on it
DETAIL:  view dbt_dev.stg_listings depends on table listings
view dbt_dev_bronze.stg_listings depends on table listings
HINT:  Use DROP ... CASCADE to drop the dependent objects too.

[SQL: 
DROP TABLE listings]
(Background on this error at: https://sqlalche.me/e/14/2j85)
[2026-05-03T21:51:06.319+0000] {taskinstance.py:1138} INFO - Marking task as UP_FOR_RETRY. dag_id=etl_airbnb_pipeline, task_id=load_to_postgres, execution_date=20260503T215101, start_date=20260503T215105, end_date=20260503T215106
[2026-05-03T21:51:06.334+0000] {standard_task_runner.py:107} ERROR - Failed to execute job 32 for task load_to_postgres ((psycopg2.errors.DependentObjectsStillExist) cannot drop table listings because other objects depend on it
DETAIL:  view dbt_dev.stg_listings depends on table listings
view dbt_dev_bronze.stg_listings depends on table listings
HINT:  Use DROP ... CASCADE to drop the dependent objects too.

[SQL: 
DROP TABLE listings]
(Background on this error at: https://sqlalche.me/e/14/2j85); 1018)
[2026-05-03T21:51:06.367+0000] {local_task_job_runner.py:234} INFO - Task exited with return code 1
[2026-05-03T21:51:06.384+0000] {taskinstance.py:3280} INFO - 0 downstream tasks scheduled from follow-on schedule check
