[2026-04-30T03:21:32.041+0000] {manager.py:469} INFO - Processing files using up to 2 processes at a time 
[2026-04-30T03:21:32.042+0000] {manager.py:470} INFO - Process each file at most once every 30 seconds
[2026-04-30T03:21:32.043+0000] {manager.py:471} INFO - Checking for new files in /opt/airflow/dags every 300 seconds
[2026-04-30T03:21:32.043+0000] {manager.py:738} INFO - Searching for files in /opt/airflow/dags
[2026-04-30T03:21:32.047+0000] {manager.py:741} INFO - There are 0 files in /opt/airflow/dags
[2026-04-30T03:26:32.371+0000] {manager.py:738} INFO - Searching for files in /opt/airflow/dags
[2026-04-30T03:26:32.374+0000] {manager.py:741} INFO - There are 0 files in /opt/airflow/dags
[2026-04-30T03:31:32.605+0000] {manager.py:738} INFO - Searching for files in /opt/airflow/dags
[2026-04-30T03:31:32.610+0000] {manager.py:741} INFO - There are 0 files in /opt/airflow/dags
[2026-04-30T03:36:32.765+0000] {manager.py:738} INFO - Searching for files in /opt/airflow/dags
[2026-04-30T03:36:32.770+0000] {manager.py:741} INFO - There are 0 files in /opt/airflow/dags
[2026-04-30T03:41:33.603+0000] {manager.py:738} INFO - Searching for files in /opt/airflow/dags
[2026-04-30T03:41:33.614+0000] {manager.py:741} INFO - There are 0 files in /opt/airflow/dags
[2026-04-30T03:46:33.629+0000] {manager.py:738} INFO - Searching for files in /opt/airflow/dags
[2026-04-30T03:46:33.640+0000] {manager.py:741} INFO - There are 0 files in /opt/airflow/dags
[2026-04-30T07:01:36.837+0000] {manager.py:738} INFO - Searching for files in /opt/airflow/dags
[2026-04-30T07:01:36.844+0000] {manager.py:741} INFO - There are 0 files in /opt/airflow/dags
[2026-04-30T07:06:37.010+0000] {manager.py:738} INFO - Searching for files in /opt/airflow/dags
[2026-04-30T07:06:37.015+0000] {manager.py:741} INFO - There are 0 files in /opt/airflow/dags
[2026-04-30T07:11:37.788+0000] {manager.py:738} INFO - Searching for files in /opt/airflow/dags
[2026-04-30T07:11:37.797+0000] {manager.py:741} INFO - There are 0 files in /opt/airflow/dags
[2026-04-30T07:16:38.336+0000] {manager.py:738} INFO - Searching for files in /opt/airflow/dags
[2026-04-30T07:16:38.348+0000] {manager.py:741} INFO - There are 0 files in /opt/airflow/dags
[2026-04-30T16:26:30.248+0000] {manager.py:738} INFO - Searching for files in /opt/airflow/dags
[2026-04-30T16:26:30.263+0000] {manager.py:741} INFO - There are 0 files in /opt/airflow/dags
[2026-04-30T16:31:30.522+0000] {manager.py:738} INFO - Searching for files in /opt/airflow/dags
[2026-04-30T16:31:30.533+0000] {manager.py:741} INFO - There are 0 files in /opt/airflow/dags
[2026-04-30T16:36:30.723+0000] {manager.py:738} INFO - Searching for files in /opt/airflow/dags
[2026-04-30T16:36:30.729+0000] {manager.py:741} INFO - There are 0 files in /opt/airflow/dags
[2026-04-30T16:41:30.890+0000] {manager.py:738} INFO - Searching for files in /opt/airflow/dags
[2026-04-30T16:41:30.893+0000] {manager.py:741} INFO - There are 0 files in /opt/airflow/dags
[2026-04-30T16:46:31.023+0000] {manager.py:738} INFO - Searching for files in /opt/airflow/dags
[2026-04-30T16:46:31.028+0000] {manager.py:741} INFO - There are 0 files in /opt/airflow/dags
[2026-04-30T16:51:31.183+0000] {manager.py:738} INFO - Searching for files in /opt/airflow/dags
[2026-04-30T16:51:31.187+0000] {manager.py:741} INFO - There are 0 files in /opt/airflow/dags
[2026-04-30T16:56:31.395+0000] {manager.py:738} INFO - Searching for files in /opt/airflow/dags
[2026-04-30T16:56:31.399+0000] {manager.py:741} INFO - There are 0 files in /opt/airflow/dags
[2026-04-30T17:01:31.605+0000] {manager.py:738} INFO - Searching for files in /opt/airflow/dags
[2026-04-30T17:01:31.607+0000] {manager.py:741} INFO - There are 0 files in /opt/airflow/dags
[2026-04-30T17:06:31.822+0000] {manager.py:738} INFO - Searching for files in /opt/airflow/dags
[2026-04-30T17:06:31.825+0000] {manager.py:741} INFO - There are 0 files in /opt/airflow/dags
[2026-04-30T17:11:32.074+0000] {manager.py:738} INFO - Searching for files in /opt/airflow/dags
[2026-04-30T17:11:32.078+0000] {manager.py:741} INFO - There are 0 files in /opt/airflow/dags
[2026-04-30T17:16:32.455+0000] {manager.py:738} INFO - Searching for files in /opt/airflow/dags
[2026-04-30T17:16:32.459+0000] {manager.py:741} INFO - There are 0 files in /opt/airflow/dags
[2026-04-30T17:21:32.733+0000] {manager.py:738} INFO - Searching for files in /opt/airflow/dags
[2026-04-30T17:21:32.740+0000] {manager.py:741} INFO - There are 0 files in /opt/airflow/dags
[2026-04-30T17:26:33.116+0000] {manager.py:738} INFO - Searching for files in /opt/airflow/dags
[2026-04-30T17:26:33.120+0000] {manager.py:741} INFO - There are 0 files in /opt/airflow/dags
[2026-04-30T17:31:33.446+0000] {manager.py:738} INFO - Searching for files in /opt/airflow/dags
[2026-04-30T17:31:33.453+0000] {manager.py:741} INFO - There are 0 files in /opt/airflow/dags
[2026-04-30T17:36:33.756+0000] {manager.py:738} INFO - Searching for files in /opt/airflow/dags
[2026-04-30T17:36:33.761+0000] {manager.py:741} INFO - There are 0 files in /opt/airflow/dags
[2026-04-30T17:41:34.104+0000] {manager.py:738} INFO - Searching for files in /opt/airflow/dags
[2026-04-30T17:41:34.110+0000] {manager.py:741} INFO - There are 0 files in /opt/airflow/dags
[2026-04-30T17:46:34.428+0000] {manager.py:738} INFO - Searching for files in /opt/airflow/dags
[2026-04-30T17:46:34.432+0000] {manager.py:741} INFO - There are 0 files in /opt/airflow/dags
[2026-04-30T17:51:34.799+0000] {manager.py:738} INFO - Searching for files in /opt/airflow/dags
[2026-04-30T17:51:34.807+0000] {manager.py:741} INFO - There are 0 files in /opt/airflow/dags
[2026-04-30T17:56:35.148+0000] {manager.py:738} INFO - Searching for files in /opt/airflow/dags
[2026-04-30T17:56:35.154+0000] {manager.py:741} INFO - There are 0 files in /opt/airflow/dags
[2026-04-30T18:01:35.490+0000] {manager.py:738} INFO - Searching for files in /opt/airflow/dags
[2026-04-30T18:01:35.493+0000] {manager.py:741} INFO - There are 0 files in /opt/airflow/dags
[2026-04-30T18:06:35.810+0000] {manager.py:738} INFO - Searching for files in /opt/airflow/dags
[2026-04-30T18:06:35.812+0000] {manager.py:741} INFO - There are 0 files in /opt/airflow/dags
[2026-04-30T18:11:36.158+0000] {manager.py:738} INFO - Searching for files in /opt/airflow/dags
[2026-04-30T18:11:36.165+0000] {manager.py:741} INFO - There are 0 files in /opt/airflow/dags
[2026-04-30T18:16:36.467+0000] {manager.py:738} INFO - Searching for files in /opt/airflow/dags
[2026-04-30T18:16:36.475+0000] {manager.py:741} INFO - There are 0 files in /opt/airflow/dags
[2026-04-30T18:21:36.799+0000] {manager.py:738} INFO - Searching for files in /opt/airflow/dags
[2026-04-30T18:21:36.805+0000] {manager.py:741} INFO - There are 0 files in /opt/airflow/dags
[2026-04-30T18:26:37.144+0000] {manager.py:738} INFO - Searching for files in /opt/airflow/dags
[2026-04-30T18:26:37.150+0000] {manager.py:741} INFO - There are 0 files in /opt/airflow/dags
[2026-04-30T18:31:37.483+0000] {manager.py:738} INFO - Searching for files in /opt/airflow/dags
[2026-04-30T18:31:37.490+0000] {manager.py:741} INFO - There are 0 files in /opt/airflow/dags
[2026-04-30T18:36:37.834+0000] {manager.py:738} INFO - Searching for files in /opt/airflow/dags
[2026-04-30T18:36:37.838+0000] {manager.py:741} INFO - There are 0 files in /opt/airflow/dags
[2026-04-30T18:41:38.183+0000] {manager.py:738} INFO - Searching for files in /opt/airflow/dags
[2026-04-30T18:41:38.189+0000] {manager.py:741} INFO - There are 0 files in /opt/airflow/dags
[2026-04-30T18:46:38.507+0000] {manager.py:738} INFO - Searching for files in /opt/airflow/dags
[2026-04-30T18:46:38.513+0000] {manager.py:741} INFO - There are 0 files in /opt/airflow/dags
[2026-04-30T18:51:38.858+0000] {manager.py:738} INFO - Searching for files in /opt/airflow/dags
[2026-04-30T18:51:38.865+0000] {manager.py:741} INFO - There are 0 files in /opt/airflow/dags
[2026-04-30T18:56:39.220+0000] {manager.py:738} INFO - Searching for files in /opt/airflow/dags
[2026-04-30T18:56:39.225+0000] {manager.py:741} INFO - There are 0 files in /opt/airflow/dags
[2026-04-30T19:01:39.555+0000] {manager.py:738} INFO - Searching for files in /opt/airflow/dags
[2026-04-30T19:01:39.562+0000] {manager.py:741} INFO - There are 0 files in /opt/airflow/dags
[2026-04-30T19:06:39.864+0000] {manager.py:738} INFO - Searching for files in /opt/airflow/dags
[2026-04-30T19:06:39.868+0000] {manager.py:741} INFO - There are 0 files in /opt/airflow/dags
[2026-04-30T19:11:40.242+0000] {manager.py:738} INFO - Searching for files in /opt/airflow/dags
[2026-04-30T19:11:40.245+0000] {manager.py:741} INFO - There are 0 files in /opt/airflow/dags
[2026-04-30T19:16:40.565+0000] {manager.py:738} INFO - Searching for files in /opt/airflow/dags
[2026-04-30T19:16:40.576+0000] {manager.py:741} INFO - There are 0 files in /opt/airflow/dags
[2026-04-30T19:21:40.935+0000] {manager.py:738} INFO - Searching for files in /opt/airflow/dags
[2026-04-30T19:21:40.939+0000] {manager.py:741} INFO - There are 0 files in /opt/airflow/dags
[2026-04-30T19:26:41.315+0000] {manager.py:738} INFO - Searching for files in /opt/airflow/dags
[2026-04-30T19:26:41.321+0000] {manager.py:741} INFO - There are 0 files in /opt/airflow/dags
[2026-04-30T19:31:41.656+0000] {manager.py:738} INFO - Searching for files in /opt/airflow/dags
[2026-04-30T19:31:41.665+0000] {manager.py:741} INFO - There are 0 files in /opt/airflow/dags
[2026-04-30T19:36:42.014+0000] {manager.py:738} INFO - Searching for files in /opt/airflow/dags
[2026-04-30T19:36:42.020+0000] {manager.py:741} INFO - There are 0 files in /opt/airflow/dags
[2026-04-30T19:41:42.370+0000] {manager.py:738} INFO - Searching for files in /opt/airflow/dags
[2026-04-30T19:41:42.376+0000] {manager.py:741} INFO - There are 0 files in /opt/airflow/dags
[2026-04-30T19:46:42.740+0000] {manager.py:738} INFO - Searching for files in /opt/airflow/dags
[2026-04-30T19:46:42.745+0000] {manager.py:741} INFO - There are 0 files in /opt/airflow/dags
[2026-04-30T19:51:43.071+0000] {manager.py:738} INFO - Searching for files in /opt/airflow/dags
[2026-04-30T19:51:43.075+0000] {manager.py:741} INFO - There are 0 files in /opt/airflow/dags
[2026-04-30T19:56:43.454+0000] {manager.py:738} INFO - Searching for files in /opt/airflow/dags
[2026-04-30T19:56:43.457+0000] {manager.py:741} INFO - There are 0 files in /opt/airflow/dags
[2026-04-30T20:01:43.836+0000] {manager.py:738} INFO - Searching for files in /opt/airflow/dags
[2026-04-30T20:01:43.843+0000] {manager.py:741} INFO - There are 0 files in /opt/airflow/dags
[2026-04-30T20:06:44.207+0000] {manager.py:738} INFO - Searching for files in /opt/airflow/dags
[2026-04-30T20:06:44.214+0000] {manager.py:741} INFO - There are 0 files in /opt/airflow/dags
[2026-04-30T20:11:44.657+0000] {manager.py:738} INFO - Searching for files in /opt/airflow/dags
[2026-04-30T20:11:44.665+0000] {manager.py:741} INFO - There are 0 files in /opt/airflow/dags
[2026-04-30T20:16:45.017+0000] {manager.py:738} INFO - Searching for files in /opt/airflow/dags
[2026-04-30T20:16:45.024+0000] {manager.py:741} INFO - There are 0 files in /opt/airflow/dags
[2026-04-30T20:21:45.401+0000] {manager.py:738} INFO - Searching for files in /opt/airflow/dags
[2026-04-30T20:21:45.407+0000] {manager.py:741} INFO - There are 0 files in /opt/airflow/dags
[2026-04-30T20:26:45.802+0000] {manager.py:738} INFO - Searching for files in /opt/airflow/dags
[2026-04-30T20:26:45.808+0000] {manager.py:741} INFO - There are 0 files in /opt/airflow/dags
[2026-04-30T20:31:46.131+0000] {manager.py:738} INFO - Searching for files in /opt/airflow/dags
[2026-04-30T20:31:46.137+0000] {manager.py:741} INFO - There are 0 files in /opt/airflow/dags
[2026-04-30T20:36:46.475+0000] {manager.py:738} INFO - Searching for files in /opt/airflow/dags
[2026-04-30T20:36:46.482+0000] {manager.py:741} INFO - There are 0 files in /opt/airflow/dags
[2026-04-30T20:41:46.791+0000] {manager.py:738} INFO - Searching for files in /opt/airflow/dags
[2026-04-30T20:41:46.795+0000] {manager.py:741} INFO - There are 0 files in /opt/airflow/dags
[2026-04-30T20:46:47.154+0000] {manager.py:738} INFO - Searching for files in /opt/airflow/dags
[2026-04-30T20:46:47.159+0000] {manager.py:741} INFO - There are 0 files in /opt/airflow/dags
[2026-04-30T20:51:47.504+0000] {manager.py:738} INFO - Searching for files in /opt/airflow/dags
[2026-04-30T20:51:47.510+0000] {manager.py:741} INFO - There are 0 files in /opt/airflow/dags
[2026-04-30T20:56:47.858+0000] {manager.py:738} INFO - Searching for files in /opt/airflow/dags
[2026-04-30T20:56:47.861+0000] {manager.py:741} INFO - There are 0 files in /opt/airflow/dags
[2026-04-30T21:01:48.208+0000] {manager.py:738} INFO - Searching for files in /opt/airflow/dags
[2026-04-30T21:01:48.217+0000] {manager.py:741} INFO - There are 0 files in /opt/airflow/dags
[2026-04-30T21:06:48.535+0000] {manager.py:738} INFO - Searching for files in /opt/airflow/dags
[2026-04-30T21:06:48.540+0000] {manager.py:741} INFO - There are 0 files in /opt/airflow/dags
[2026-04-30T21:11:48.896+0000] {manager.py:738} INFO - Searching for files in /opt/airflow/dags
[2026-04-30T21:11:48.903+0000] {manager.py:741} INFO - There are 0 files in /opt/airflow/dags
[2026-04-30T21:16:49.255+0000] {manager.py:738} INFO - Searching for files in /opt/airflow/dags
[2026-04-30T21:16:49.262+0000] {manager.py:741} INFO - There are 0 files in /opt/airflow/dags
[2026-04-30T21:21:49.595+0000] {manager.py:738} INFO - Searching for files in /opt/airflow/dags
[2026-04-30T21:21:49.604+0000] {manager.py:741} INFO - There are 0 files in /opt/airflow/dags
[2026-04-30T21:26:49.938+0000] {manager.py:738} INFO - Searching for files in /opt/airflow/dags
[2026-04-30T21:26:49.946+0000] {manager.py:741} INFO - There are 0 files in /opt/airflow/dags
[2026-04-30T21:31:50.300+0000] {manager.py:738} INFO - Searching for files in /opt/airflow/dags
[2026-04-30T21:31:50.304+0000] {manager.py:741} INFO - There are 0 files in /opt/airflow/dags
[2026-04-30T21:36:50.664+0000] {manager.py:738} INFO - Searching for files in /opt/airflow/dags
[2026-04-30T21:36:50.673+0000] {manager.py:741} INFO - There are 0 files in /opt/airflow/dags
[2026-04-30T21:41:51.014+0000] {manager.py:738} INFO - Searching for files in /opt/airflow/dags
[2026-04-30T21:41:51.021+0000] {manager.py:741} INFO - There are 0 files in /opt/airflow/dags
[2026-04-30T21:46:51.377+0000] {manager.py:738} INFO - Searching for files in /opt/airflow/dags
[2026-04-30T21:46:51.384+0000] {manager.py:741} INFO - There are 0 files in /opt/airflow/dags
[2026-04-30T21:51:51.763+0000] {manager.py:738} INFO - Searching for files in /opt/airflow/dags
[2026-04-30T21:51:51.768+0000] {manager.py:741} INFO - There are 0 files in /opt/airflow/dags
[2026-04-30T21:56:52.169+0000] {manager.py:738} INFO - Searching for files in /opt/airflow/dags
[2026-04-30T21:56:52.173+0000] {manager.py:741} INFO - There are 0 files in /opt/airflow/dags
[2026-04-30T22:01:52.538+0000] {manager.py:738} INFO - Searching for files in /opt/airflow/dags
[2026-04-30T22:01:52.542+0000] {manager.py:741} INFO - There are 0 files in /opt/airflow/dags
[2026-04-30T22:06:52.900+0000] {manager.py:738} INFO - Searching for files in /opt/airflow/dags
[2026-04-30T22:06:52.913+0000] {manager.py:741} INFO - There are 0 files in /opt/airflow/dags
[2026-04-30T22:11:53.285+0000] {manager.py:738} INFO - Searching for files in /opt/airflow/dags
[2026-04-30T22:11:53.289+0000] {manager.py:741} INFO - There are 0 files in /opt/airflow/dags
[2026-04-30T22:16:53.696+0000] {manager.py:738} INFO - Searching for files in /opt/airflow/dags
[2026-04-30T22:16:53.701+0000] {manager.py:741} INFO - There are 0 files in /opt/airflow/dags
[2026-04-30T22:21:54.047+0000] {manager.py:738} INFO - Searching for files in /opt/airflow/dags
[2026-04-30T22:21:54.055+0000] {manager.py:741} INFO - There are 0 files in /opt/airflow/dags
[2026-04-30T22:26:54.414+0000] {manager.py:738} INFO - Searching for files in /opt/airflow/dags
[2026-04-30T22:26:54.420+0000] {manager.py:741} INFO - There are 0 files in /opt/airflow/dags
[2026-04-30T22:31:54.784+0000] {manager.py:738} INFO - Searching for files in /opt/airflow/dags
[2026-04-30T22:31:54.789+0000] {manager.py:741} INFO - There are 0 files in /opt/airflow/dags
[2026-04-30T22:36:55.224+0000] {manager.py:738} INFO - Searching for files in /opt/airflow/dags
[2026-04-30T22:36:55.235+0000] {manager.py:741} INFO - There are 0 files in /opt/airflow/dags
[2026-04-30T22:41:56.131+0000] {manager.py:738} INFO - Searching for files in /opt/airflow/dags
[2026-04-30T22:41:56.136+0000] {manager.py:741} INFO - There are 0 files in /opt/airflow/dags
[2026-04-30T22:46:57.078+0000] {manager.py:738} INFO - Searching for files in /opt/airflow/dags
[2026-04-30T22:46:57.085+0000] {manager.py:741} INFO - There are 0 files in /opt/airflow/dags
[2026-04-30T22:51:58.063+0000] {manager.py:738} INFO - Searching for files in /opt/airflow/dags
[2026-04-30T22:51:58.066+0000] {manager.py:741} INFO - There are 0 files in /opt/airflow/dags
[2026-04-30T22:56:58.654+0000] {manager.py:738} INFO - Searching for files in /opt/airflow/dags
[2026-04-30T22:56:58.658+0000] {manager.py:741} INFO - There are 0 files in /opt/airflow/dags
[2026-04-30T23:01:59.296+0000] {manager.py:738} INFO - Searching for files in /opt/airflow/dags
[2026-04-30T23:01:59.300+0000] {manager.py:741} INFO - There are 0 files in /opt/airflow/dags
[2026-04-30T23:06:59.900+0000] {manager.py:738} INFO - Searching for files in /opt/airflow/dags
[2026-04-30T23:06:59.905+0000] {manager.py:741} INFO - There are 0 files in /opt/airflow/dags
[2026-04-30T23:12:00.511+0000] {manager.py:738} INFO - Searching for files in /opt/airflow/dags
[2026-04-30T23:12:00.515+0000] {manager.py:741} INFO - There are 0 files in /opt/airflow/dags
[2026-04-30T23:17:01.035+0000] {manager.py:738} INFO - Searching for files in /opt/airflow/dags
[2026-04-30T23:17:01.043+0000] {manager.py:741} INFO - There are 0 files in /opt/airflow/dags
[2026-04-30T23:22:01.457+0000] {manager.py:738} INFO - Searching for files in /opt/airflow/dags
[2026-04-30T23:22:01.462+0000] {manager.py:741} INFO - There are 0 files in /opt/airflow/dags
[2026-04-30T23:27:01.827+0000] {manager.py:738} INFO - Searching for files in /opt/airflow/dags
[2026-04-30T23:27:01.832+0000] {manager.py:741} INFO - There are 0 files in /opt/airflow/dags
[2026-04-30T23:32:02.050+0000] {manager.py:738} INFO - Searching for files in /opt/airflow/dags
[2026-04-30T23:32:02.053+0000] {manager.py:741} INFO - There are 0 files in /opt/airflow/dags
[2026-04-30T23:37:02.256+0000] {manager.py:738} INFO - Searching for files in /opt/airflow/dags
[2026-04-30T23:37:02.260+0000] {manager.py:741} INFO - There are 0 files in /opt/airflow/dags
[2026-04-30T23:42:02.487+0000] {manager.py:738} INFO - Searching for files in /opt/airflow/dags
[2026-04-30T23:42:02.491+0000] {manager.py:741} INFO - There are 0 files in /opt/airflow/dags
[2026-04-30T23:47:02.786+0000] {manager.py:738} INFO - Searching for files in /opt/airflow/dags
[2026-04-30T23:47:02.791+0000] {manager.py:741} INFO - There are 0 files in /opt/airflow/dags
[2026-04-30T23:52:03.050+0000] {manager.py:738} INFO - Searching for files in /opt/airflow/dags
[2026-04-30T23:52:03.053+0000] {manager.py:741} INFO - There are 0 files in /opt/airflow/dags
[2026-04-30T23:57:03.318+0000] {manager.py:738} INFO - Searching for files in /opt/airflow/dags
[2026-04-30T23:57:03.321+0000] {manager.py:741} INFO - There are 0 files in /opt/airflow/dags
[2026-05-01T00:02:03.556+0000] {manager.py:738} INFO - Searching for files in /opt/airflow/dags
[2026-05-01T00:02:03.559+0000] {manager.py:741} INFO - There are 0 files in /opt/airflow/dags
[2026-05-01T00:07:03.792+0000] {manager.py:738} INFO - Searching for files in /opt/airflow/dags
[2026-05-01T00:07:03.795+0000] {manager.py:741} INFO - There are 0 files in /opt/airflow/dags
[2026-05-01T00:12:04.038+0000] {manager.py:738} INFO - Searching for files in /opt/airflow/dags
[2026-05-01T00:12:04.041+0000] {manager.py:741} INFO - There are 0 files in /opt/airflow/dags
[2026-05-01T00:17:04.290+0000] {manager.py:738} INFO - Searching for files in /opt/airflow/dags
[2026-05-01T00:17:04.293+0000] {manager.py:741} INFO - There are 0 files in /opt/airflow/dags
[2026-05-01T00:22:04.553+0000] {manager.py:738} INFO - Searching for files in /opt/airflow/dags
[2026-05-01T00:22:04.556+0000] {manager.py:741} INFO - There are 0 files in /opt/airflow/dags
[2026-05-01T00:27:04.777+0000] {manager.py:738} INFO - Searching for files in /opt/airflow/dags
[2026-05-01T00:27:04.782+0000] {manager.py:741} INFO - There are 0 files in /opt/airflow/dags
[2026-05-01T00:32:05.017+0000] {manager.py:738} INFO - Searching for files in /opt/airflow/dags
[2026-05-01T00:32:05.022+0000] {manager.py:741} INFO - There are 0 files in /opt/airflow/dags
[2026-05-01T00:37:05.280+0000] {manager.py:738} INFO - Searching for files in /opt/airflow/dags
[2026-05-01T00:37:05.283+0000] {manager.py:741} INFO - There are 0 files in /opt/airflow/dags
[2026-05-01T00:42:05.485+0000] {manager.py:738} INFO - Searching for files in /opt/airflow/dags
[2026-05-01T00:42:05.489+0000] {manager.py:741} INFO - There are 0 files in /opt/airflow/dags
[2026-05-01T00:47:05.739+0000] {manager.py:738} INFO - Searching for files in /opt/airflow/dags
[2026-05-01T00:47:05.743+0000] {manager.py:741} INFO - There are 0 files in /opt/airflow/dags
[2026-05-01T00:52:05.971+0000] {manager.py:738} INFO - Searching for files in /opt/airflow/dags
[2026-05-01T00:52:05.975+0000] {manager.py:741} INFO - There are 0 files in /opt/airflow/dags
[2026-05-01T05:57:10.077+0000] {manager.py:738} INFO - Searching for files in /opt/airflow/dags
[2026-05-01T05:57:10.081+0000] {manager.py:741} INFO - There are 0 files in /opt/airflow/dags
[2026-05-01T06:02:10.559+0000] {manager.py:738} INFO - Searching for files in /opt/airflow/dags
[2026-05-01T06:02:10.579+0000] {manager.py:741} INFO - There are 0 files in /opt/airflow/dags
[2026-05-01T06:07:11.061+0000] {manager.py:738} INFO - Searching for files in /opt/airflow/dags
[2026-05-01T06:07:11.065+0000] {manager.py:741} INFO - There are 0 files in /opt/airflow/dags
[2026-05-01T06:12:11.262+0000] {manager.py:738} INFO - Searching for files in /opt/airflow/dags
[2026-05-01T06:12:11.265+0000] {manager.py:741} INFO - There are 0 files in /opt/airflow/dags
[2026-05-01T06:17:11.603+0000] {manager.py:738} INFO - Searching for files in /opt/airflow/dags
[2026-05-01T06:17:11.611+0000] {manager.py:741} INFO - There are 0 files in /opt/airflow/dags
[2026-05-01T06:22:11.915+0000] {manager.py:738} INFO - Searching for files in /opt/airflow/dags
[2026-05-01T06:22:11.918+0000] {manager.py:741} INFO - There are 0 files in /opt/airflow/dags
[2026-05-01T06:27:12.512+0000] {manager.py:738} INFO - Searching for files in /opt/airflow/dags
[2026-05-01T06:27:12.534+0000] {manager.py:741} INFO - There are 0 files in /opt/airflow/dags
[2026-05-01T06:32:12.987+0000] {manager.py:738} INFO - Searching for files in /opt/airflow/dags
[2026-05-01T06:32:13.022+0000] {manager.py:741} INFO - There are 0 files in /opt/airflow/dags
[2026-05-01T06:37:13.440+0000] {manager.py:738} INFO - Searching for files in /opt/airflow/dags
[2026-05-01T06:37:13.456+0000] {manager.py:741} INFO - There are 0 files in /opt/airflow/dags
[2026-05-01T06:42:14.057+0000] {manager.py:738} INFO - Searching for files in /opt/airflow/dags
[2026-05-01T06:42:14.062+0000] {manager.py:741} INFO - There are 0 files in /opt/airflow/dags
[2026-05-01T06:47:14.708+0000] {manager.py:738} INFO - Searching for files in /opt/airflow/dags
[2026-05-01T06:47:14.715+0000] {manager.py:741} INFO - There are 0 files in /opt/airflow/dags
[2026-05-01T06:52:15.270+0000] {manager.py:738} INFO - Searching for files in /opt/airflow/dags
[2026-05-01T06:52:15.338+0000] {manager.py:741} INFO - There are 0 files in /opt/airflow/dags
[2026-05-01T06:57:15.731+0000] {manager.py:738} INFO - Searching for files in /opt/airflow/dags
[2026-05-01T06:57:15.769+0000] {manager.py:741} INFO - There are 0 files in /opt/airflow/dags
[2026-05-01T07:02:16.136+0000] {manager.py:738} INFO - Searching for files in /opt/airflow/dags
[2026-05-01T07:02:16.169+0000] {manager.py:741} INFO - There are 0 files in /opt/airflow/dags
[2026-05-01T07:07:16.722+0000] {manager.py:738} INFO - Searching for files in /opt/airflow/dags
[2026-05-01T07:07:16.765+0000] {manager.py:741} INFO - There are 1 files in /opt/airflow/dags
[2026-05-01T07:07:32.259+0000] {manager.py:879} INFO - 
================================================================================
DAG File Processing Stats

File Path                          PID    Runtime      # DAGs    # Errors  Last Runtime    Last Run
---------------------------------  -----  ---------  --------  ----------  --------------  -------------------
/opt/airflow/dags/etl_pipeline.py                           1           0  1.35s           2026-05-01T07:07:18
================================================================================
[2026-05-01T07:08:02.721+0000] {manager.py:879} INFO - 
================================================================================
DAG File Processing Stats

File Path                          PID    Runtime      # DAGs    # Errors  Last Runtime    Last Run
---------------------------------  -----  ---------  --------  ----------  --------------  -------------------
/opt/airflow/dags/etl_pipeline.py                           1           0  0.11s           2026-05-01T07:07:48
================================================================================
[2026-05-01T07:08:32.967+0000] {manager.py:879} INFO - 
================================================================================
DAG File Processing Stats

File Path                          PID    Runtime      # DAGs    # Errors  Last Runtime    Last Run
---------------------------------  -----  ---------  --------  ----------  --------------  -------------------
/opt/airflow/dags/etl_pipeline.py                           1           0  0.11s           2026-05-01T07:08:18
================================================================================
[2026-05-01T07:09:03.190+0000] {manager.py:879} INFO - 
================================================================================
DAG File Processing Stats

File Path                          PID    Runtime      # DAGs    # Errors  Last Runtime    Last Run
---------------------------------  -----  ---------  --------  ----------  --------------  -------------------
/opt/airflow/dags/etl_pipeline.py                           1           0  0.14s           2026-05-01T07:08:49
================================================================================
[2026-05-01T07:09:33.441+0000] {manager.py:879} INFO - 
================================================================================
DAG File Processing Stats

File Path                          PID    Runtime      # DAGs    # Errors  Last Runtime    Last Run
---------------------------------  -----  ---------  --------  ----------  --------------  -------------------
/opt/airflow/dags/etl_pipeline.py                           1           0  0.17s           2026-05-01T07:09:19
================================================================================
[2026-05-01T07:10:03.718+0000] {manager.py:879} INFO - 
================================================================================
DAG File Processing Stats

File Path                          PID    Runtime      # DAGs    # Errors  Last Runtime    Last Run
---------------------------------  -----  ---------  --------  ----------  --------------  -------------------
/opt/airflow/dags/etl_pipeline.py                           1           0  0.11s           2026-05-01T07:09:49
================================================================================
[2026-05-01T07:10:34.024+0000] {manager.py:879} INFO - 
================================================================================
DAG File Processing Stats

File Path                          PID    Runtime      # DAGs    # Errors  Last Runtime    Last Run
---------------------------------  -----  ---------  --------  ----------  --------------  -------------------
/opt/airflow/dags/etl_pipeline.py                           1           0  0.10s           2026-05-01T07:10:19
================================================================================
[2026-05-01T07:11:04.271+0000] {manager.py:879} INFO - 
================================================================================
DAG File Processing Stats

File Path                          PID    Runtime      # DAGs    # Errors  Last Runtime    Last Run
---------------------------------  -----  ---------  --------  ----------  --------------  -------------------
/opt/airflow/dags/etl_pipeline.py                           1           0  0.11s           2026-05-01T07:10:50
================================================================================
[2026-05-01T07:11:34.495+0000] {manager.py:879} INFO - 
================================================================================
DAG File Processing Stats

File Path                          PID    Runtime      # DAGs    # Errors  Last Runtime    Last Run
---------------------------------  -----  ---------  --------  ----------  --------------  -------------------
/opt/airflow/dags/etl_pipeline.py                           1           0  0.10s           2026-05-01T07:11:20
================================================================================
[2026-05-01T07:12:04.771+0000] {manager.py:879} INFO - 
================================================================================
DAG File Processing Stats

File Path                          PID    Runtime      # DAGs    # Errors  Last Runtime    Last Run
---------------------------------  -----  ---------  --------  ----------  --------------  -------------------
/opt/airflow/dags/etl_pipeline.py                           1           0  0.10s           2026-05-01T07:11:50
================================================================================
[2026-05-01T07:12:16.841+0000] {manager.py:738} INFO - Searching for files in /opt/airflow/dags
[2026-05-01T07:12:16.861+0000] {manager.py:741} INFO - There are 1 files in /opt/airflow/dags
[2026-05-01T07:12:35.043+0000] {manager.py:879} INFO - 
================================================================================
DAG File Processing Stats

File Path                          PID    Runtime      # DAGs    # Errors  Last Runtime    Last Run
---------------------------------  -----  ---------  --------  ----------  --------------  -------------------
/opt/airflow/dags/etl_pipeline.py                           1           0  0.12s           2026-05-01T07:12:21
================================================================================
[2026-05-01T07:13:05.288+0000] {manager.py:879} INFO - 
================================================================================
DAG File Processing Stats

File Path                          PID    Runtime      # DAGs    # Errors  Last Runtime    Last Run
---------------------------------  -----  ---------  --------  ----------  --------------  -------------------
/opt/airflow/dags/etl_pipeline.py                           1           0  0.12s           2026-05-01T07:12:51
================================================================================
[2026-05-01T07:13:35.533+0000] {manager.py:879} INFO - 
================================================================================
DAG File Processing Stats

File Path                          PID    Runtime      # DAGs    # Errors  Last Runtime    Last Run
---------------------------------  -----  ---------  --------  ----------  --------------  -------------------
/opt/airflow/dags/etl_pipeline.py                           1           0  0.11s           2026-05-01T07:13:21
================================================================================
[2026-05-01T07:14:05.756+0000] {manager.py:879} INFO - 
================================================================================
DAG File Processing Stats

File Path                          PID    Runtime      # DAGs    # Errors  Last Runtime    Last Run
---------------------------------  -----  ---------  --------  ----------  --------------  -------------------
/opt/airflow/dags/etl_pipeline.py                           1           0  0.10s           2026-05-01T07:13:51
================================================================================
[2026-05-01T07:14:35.990+0000] {manager.py:879} INFO - 
================================================================================
DAG File Processing Stats

File Path                          PID    Runtime      # DAGs    # Errors  Last Runtime    Last Run
---------------------------------  -----  ---------  --------  ----------  --------------  -------------------
/opt/airflow/dags/etl_pipeline.py                           1           0  0.10s           2026-05-01T07:14:21
================================================================================
[2026-05-01T07:15:06.241+0000] {manager.py:879} INFO - 
================================================================================
DAG File Processing Stats

File Path                          PID    Runtime      # DAGs    # Errors  Last Runtime    Last Run
---------------------------------  -----  ---------  --------  ----------  --------------  -------------------
/opt/airflow/dags/etl_pipeline.py                           1           0  0.11s           2026-05-01T07:14:52
================================================================================
[2026-05-01T07:15:36.442+0000] {manager.py:879} INFO - 
================================================================================
DAG File Processing Stats

File Path                          PID    Runtime      # DAGs    # Errors  Last Runtime    Last Run
---------------------------------  -----  ---------  --------  ----------  --------------  -------------------
/opt/airflow/dags/etl_pipeline.py                           1           0  0.11s           2026-05-01T07:15:22
================================================================================
[2026-05-01T07:16:06.690+0000] {manager.py:879} INFO - 
================================================================================
DAG File Processing Stats

File Path                          PID    Runtime      # DAGs    # Errors  Last Runtime    Last Run
---------------------------------  -----  ---------  --------  ----------  --------------  -------------------
/opt/airflow/dags/etl_pipeline.py                           1           0  0.10s           2026-05-01T07:15:52
================================================================================
[2026-05-01T07:16:36.890+0000] {manager.py:879} INFO - 
================================================================================
DAG File Processing Stats

File Path                          PID    Runtime      # DAGs    # Errors  Last Runtime    Last Run
---------------------------------  -----  ---------  --------  ----------  --------------  -------------------
/opt/airflow/dags/etl_pipeline.py                           1           0  0.10s           2026-05-01T07:16:22
================================================================================
[2026-05-01T07:17:07.127+0000] {manager.py:879} INFO - 
================================================================================
DAG File Processing Stats

File Path                          PID    Runtime      # DAGs    # Errors  Last Runtime    Last Run
---------------------------------  -----  ---------  --------  ----------  --------------  -------------------
/opt/airflow/dags/etl_pipeline.py                           1           0  0.11s           2026-05-01T07:16:53
================================================================================
[2026-05-01T07:17:17.213+0000] {manager.py:738} INFO - Searching for files in /opt/airflow/dags
[2026-05-01T07:17:17.231+0000] {manager.py:741} INFO - There are 1 files in /opt/airflow/dags
[2026-05-01T07:17:37.386+0000] {manager.py:879} INFO - 
================================================================================
DAG File Processing Stats

File Path                          PID    Runtime      # DAGs    # Errors  Last Runtime    Last Run
---------------------------------  -----  ---------  --------  ----------  --------------  -------------------
/opt/airflow/dags/etl_pipeline.py                           1           0  0.10s           2026-05-01T07:17:23
================================================================================
[2026-05-01T07:18:07.646+0000] {manager.py:879} INFO - 
================================================================================
DAG File Processing Stats

File Path                          PID    Runtime      # DAGs    # Errors  Last Runtime    Last Run
---------------------------------  -----  ---------  --------  ----------  --------------  -------------------
/opt/airflow/dags/etl_pipeline.py                           1           0  0.10s           2026-05-01T07:17:53
================================================================================
[2026-05-01T07:18:37.868+0000] {manager.py:879} INFO - 
================================================================================
DAG File Processing Stats

File Path                          PID    Runtime      # DAGs    # Errors  Last Runtime    Last Run
---------------------------------  -----  ---------  --------  ----------  --------------  -------------------
/opt/airflow/dags/etl_pipeline.py                           1           0  0.10s           2026-05-01T07:18:23
================================================================================
[2026-05-01T07:19:08.067+0000] {manager.py:879} INFO - 
================================================================================
DAG File Processing Stats

File Path                          PID    Runtime      # DAGs    # Errors  Last Runtime    Last Run
---------------------------------  -----  ---------  --------  ----------  --------------  -------------------
/opt/airflow/dags/etl_pipeline.py                           1           0  0.12s           2026-05-01T07:18:54
================================================================================
[2026-05-01T07:19:38.343+0000] {manager.py:879} INFO - 
================================================================================
DAG File Processing Stats

File Path                          PID    Runtime      # DAGs    # Errors  Last Runtime    Last Run
---------------------------------  -----  ---------  --------  ----------  --------------  -------------------
/opt/airflow/dags/etl_pipeline.py                           1           0  0.10s           2026-05-01T07:19:24
================================================================================
[2026-05-01T07:20:08.578+0000] {manager.py:879} INFO - 
================================================================================
DAG File Processing Stats

File Path                          PID    Runtime      # DAGs    # Errors  Last Runtime    Last Run
---------------------------------  -----  ---------  --------  ----------  --------------  -------------------
/opt/airflow/dags/etl_pipeline.py                           1           0  0.11s           2026-05-01T07:19:54
================================================================================
[2026-05-01T07:20:38.821+0000] {manager.py:879} INFO - 
================================================================================
DAG File Processing Stats

File Path                          PID    Runtime      # DAGs    # Errors  Last Runtime    Last Run
---------------------------------  -----  ---------  --------  ----------  --------------  -------------------
/opt/airflow/dags/etl_pipeline.py                           1           0  0.10s           2026-05-01T07:20:24
================================================================================
[2026-05-01T07:21:09.045+0000] {manager.py:879} INFO - 
================================================================================
DAG File Processing Stats

File Path                          PID    Runtime      # DAGs    # Errors  Last Runtime    Last Run
---------------------------------  -----  ---------  --------  ----------  --------------  -------------------
/opt/airflow/dags/etl_pipeline.py                           1           0  0.11s           2026-05-01T07:20:55
================================================================================
[2026-05-01T07:21:39.315+0000] {manager.py:879} INFO - 
================================================================================
DAG File Processing Stats

File Path                          PID    Runtime      # DAGs    # Errors  Last Runtime    Last Run
---------------------------------  -----  ---------  --------  ----------  --------------  -------------------
/opt/airflow/dags/etl_pipeline.py                           1           0  0.10s           2026-05-01T07:21:25
================================================================================
[2026-05-01T07:22:09.532+0000] {manager.py:879} INFO - 
================================================================================
DAG File Processing Stats

File Path                          PID    Runtime      # DAGs    # Errors  Last Runtime    Last Run
---------------------------------  -----  ---------  --------  ----------  --------------  -------------------
/opt/airflow/dags/etl_pipeline.py                           1           0  0.10s           2026-05-01T07:21:55
================================================================================
[2026-05-01T07:22:17.575+0000] {manager.py:738} INFO - Searching for files in /opt/airflow/dags
[2026-05-01T07:22:17.591+0000] {manager.py:741} INFO - There are 1 files in /opt/airflow/dags
[2026-05-01T07:22:39.823+0000] {manager.py:879} INFO - 
================================================================================
DAG File Processing Stats

File Path                          PID    Runtime      # DAGs    # Errors  Last Runtime    Last Run
---------------------------------  -----  ---------  --------  ----------  --------------  -------------------
/opt/airflow/dags/etl_pipeline.py                           1           0  0.09s           2026-05-01T07:22:25
================================================================================
[2026-05-01T07:23:10.030+0000] {manager.py:879} INFO - 
================================================================================
DAG File Processing Stats

File Path                          PID    Runtime      # DAGs    # Errors  Last Runtime    Last Run
---------------------------------  -----  ---------  --------  ----------  --------------  -------------------
/opt/airflow/dags/etl_pipeline.py                           1           0  0.12s           2026-05-01T07:22:56
================================================================================
[2026-05-01T07:23:40.284+0000] {manager.py:879} INFO - 
================================================================================
DAG File Processing Stats

File Path                          PID    Runtime      # DAGs    # Errors  Last Runtime    Last Run
---------------------------------  -----  ---------  --------  ----------  --------------  -------------------
/opt/airflow/dags/etl_pipeline.py                           1           0  0.11s           2026-05-01T07:23:26
================================================================================
[2026-05-01T07:24:10.503+0000] {manager.py:879} INFO - 
================================================================================
DAG File Processing Stats

File Path                          PID    Runtime      # DAGs    # Errors  Last Runtime    Last Run
---------------------------------  -----  ---------  --------  ----------  --------------  -------------------
/opt/airflow/dags/etl_pipeline.py                           1           0  0.10s           2026-05-01T07:23:56
================================================================================
[2026-05-01T07:24:40.761+0000] {manager.py:879} INFO - 
================================================================================
DAG File Processing Stats

File Path                          PID    Runtime      # DAGs    # Errors  Last Runtime    Last Run
---------------------------------  -----  ---------  --------  ----------  --------------  -------------------
/opt/airflow/dags/etl_pipeline.py                           1           0  0.09s           2026-05-01T07:24:26
================================================================================
[2026-05-01T07:25:11.013+0000] {manager.py:879} INFO - 
================================================================================
DAG File Processing Stats

File Path                          PID    Runtime      # DAGs    # Errors  Last Runtime    Last Run
---------------------------------  -----  ---------  --------  ----------  --------------  -------------------
/opt/airflow/dags/etl_pipeline.py                           1           0  0.09s           2026-05-01T07:24:56
================================================================================
[2026-05-01T07:25:41.247+0000] {manager.py:879} INFO - 
================================================================================
DAG File Processing Stats

File Path                          PID    Runtime      # DAGs    # Errors  Last Runtime    Last Run
---------------------------------  -----  ---------  --------  ----------  --------------  -------------------
/opt/airflow/dags/etl_pipeline.py                           1           0  0.10s           2026-05-01T07:25:27
================================================================================
[2026-05-01T07:26:11.487+0000] {manager.py:879} INFO - 
================================================================================
DAG File Processing Stats

File Path                          PID    Runtime      # DAGs    # Errors  Last Runtime    Last Run
---------------------------------  -----  ---------  --------  ----------  --------------  -------------------
/opt/airflow/dags/etl_pipeline.py                           1           0  0.13s           2026-05-01T07:25:57
================================================================================
[2026-05-01T07:26:41.824+0000] {manager.py:879} INFO - 
================================================================================
DAG File Processing Stats

File Path                          PID    Runtime      # DAGs    # Errors  Last Runtime    Last Run
---------------------------------  -----  ---------  --------  ----------  --------------  -------------------
/opt/airflow/dags/etl_pipeline.py                           1           0  0.12s           2026-05-01T07:26:27
================================================================================
[2026-05-01T07:27:12.113+0000] {manager.py:879} INFO - 
================================================================================
DAG File Processing Stats

File Path                          PID    Runtime      # DAGs    # Errors  Last Runtime    Last Run
---------------------------------  -----  ---------  --------  ----------  --------------  -------------------
/opt/airflow/dags/etl_pipeline.py                           1           0  0.10s           2026-05-01T07:26:58
================================================================================
[2026-05-01T07:27:18.162+0000] {manager.py:738} INFO - Searching for files in /opt/airflow/dags
[2026-05-01T07:27:18.179+0000] {manager.py:741} INFO - There are 1 files in /opt/airflow/dags
[2026-05-01T07:27:42.450+0000] {manager.py:879} INFO - 
================================================================================
DAG File Processing Stats

File Path                          PID    Runtime      # DAGs    # Errors  Last Runtime    Last Run
---------------------------------  -----  ---------  --------  ----------  --------------  -------------------
/opt/airflow/dags/etl_pipeline.py                           1           0  0.10s           2026-05-01T07:27:28
================================================================================
[2026-05-01T07:28:12.722+0000] {manager.py:879} INFO - 
================================================================================
DAG File Processing Stats

File Path                          PID    Runtime      # DAGs    # Errors  Last Runtime    Last Run
---------------------------------  -----  ---------  --------  ----------  --------------  -------------------
/opt/airflow/dags/etl_pipeline.py                           1           0  0.10s           2026-05-01T07:27:58
================================================================================
[2026-05-01T07:28:43.038+0000] {manager.py:879} INFO - 
================================================================================
DAG File Processing Stats

File Path                          PID    Runtime      # DAGs    # Errors  Last Runtime    Last Run
---------------------------------  -----  ---------  --------  ----------  --------------  -------------------
/opt/airflow/dags/etl_pipeline.py                           1           0  3.41s           2026-05-01T07:28:35
================================================================================
[2026-05-01T07:29:13.200+0000] {manager.py:879} INFO - 
================================================================================
DAG File Processing Stats

File Path                          PID    Runtime      # DAGs    # Errors  Last Runtime    Last Run
---------------------------------  -----  ---------  --------  ----------  --------------  -------------------
/opt/airflow/dags/etl_pipeline.py                           1           0  0.94s           2026-05-01T07:29:06
================================================================================
[2026-05-01T07:29:43.200+0000] {manager.py:879} INFO - 
================================================================================
DAG File Processing Stats

File Path                          PID    Runtime      # DAGs    # Errors  Last Runtime    Last Run
---------------------------------  -----  ---------  --------  ----------  --------------  -------------------
/opt/airflow/dags/etl_pipeline.py                           1           0  0.47s           2026-05-01T07:29:37
================================================================================
[2026-05-01T07:30:13.387+0000] {manager.py:879} INFO - 
================================================================================
DAG File Processing Stats

File Path                          PID    Runtime      # DAGs    # Errors  Last Runtime    Last Run
---------------------------------  -----  ---------  --------  ----------  --------------  -------------------
/opt/airflow/dags/etl_pipeline.py                           1           0  0.40s           2026-05-01T07:30:07
================================================================================
[2026-05-01T07:30:43.416+0000] {manager.py:879} INFO - 
================================================================================
DAG File Processing Stats

File Path                          PID    Runtime      # DAGs    # Errors  Last Runtime    Last Run
---------------------------------  -----  ---------  --------  ----------  --------------  -------------------
/opt/airflow/dags/etl_pipeline.py                           1           0  0.45s           2026-05-01T07:30:38
================================================================================
[2026-05-01T07:31:13.656+0000] {manager.py:879} INFO - 
================================================================================
DAG File Processing Stats

File Path                          PID    Runtime      # DAGs    # Errors  Last Runtime    Last Run
---------------------------------  -----  ---------  --------  ----------  --------------  -------------------
/opt/airflow/dags/etl_pipeline.py                           1           0  0.39s           2026-05-01T07:31:08
================================================================================
[2026-05-01T07:31:43.668+0000] {manager.py:879} INFO - 
================================================================================
DAG File Processing Stats

File Path                          PID    Runtime      # DAGs    # Errors  Last Runtime    Last Run
---------------------------------  -----  ---------  --------  ----------  --------------  -------------------
/opt/airflow/dags/etl_pipeline.py                           1           0  0.43s           2026-05-01T07:31:39
================================================================================
[2026-05-01T07:32:13.854+0000] {manager.py:879} INFO - 
================================================================================
DAG File Processing Stats

File Path                          PID    Runtime      # DAGs    # Errors  Last Runtime    Last Run
---------------------------------  -----  ---------  --------  ----------  --------------  -------------------
/opt/airflow/dags/etl_pipeline.py                           1           0  0.42s           2026-05-01T07:32:10
================================================================================
[2026-05-01T07:32:18.288+0000] {manager.py:738} INFO - Searching for files in /opt/airflow/dags
[2026-05-01T07:32:18.303+0000] {manager.py:741} INFO - There are 1 files in /opt/airflow/dags
[2026-05-01T07:32:43.914+0000] {manager.py:879} INFO - 
================================================================================
DAG File Processing Stats

File Path                          PID    Runtime      # DAGs    # Errors  Last Runtime    Last Run
---------------------------------  -----  ---------  --------  ----------  --------------  -------------------
/opt/airflow/dags/etl_pipeline.py                           1           0  0.43s           2026-05-01T07:32:40
================================================================================
[2026-05-01T07:33:14.104+0000] {manager.py:879} INFO - 
================================================================================
DAG File Processing Stats

File Path                          PID    Runtime      # DAGs    # Errors  Last Runtime    Last Run
---------------------------------  -----  ---------  --------  ----------  --------------  -------------------
/opt/airflow/dags/etl_pipeline.py                           1           0  0.43s           2026-05-01T07:33:11
================================================================================
[2026-05-01T07:33:44.267+0000] {manager.py:879} INFO - 
================================================================================
DAG File Processing Stats

File Path                          PID    Runtime      # DAGs    # Errors  Last Runtime    Last Run
---------------------------------  -----  ---------  --------  ----------  --------------  -------------------
/opt/airflow/dags/etl_pipeline.py                           1           0  0.54s           2026-05-01T07:33:42
================================================================================
[2026-05-01T07:34:14.946+0000] {manager.py:879} INFO - 
================================================================================
DAG File Processing Stats

File Path                          PID    Runtime      # DAGs    # Errors  Last Runtime    Last Run
---------------------------------  -----  ---------  --------  ----------  --------------  -------------------
/opt/airflow/dags/etl_pipeline.py                           1           0  0.60s           2026-05-01T07:34:13
================================================================================
[2026-05-01T07:34:45.548+0000] {manager.py:879} INFO - 
================================================================================
DAG File Processing Stats

File Path                          PID    Runtime      # DAGs    # Errors  Last Runtime    Last Run
---------------------------------  -----  ---------  --------  ----------  --------------  -------------------
/opt/airflow/dags/etl_pipeline.py                           0           1  5.51s           2026-05-01T07:34:28
================================================================================
[2026-05-01T07:35:15.766+0000] {manager.py:879} INFO - 
================================================================================
DAG File Processing Stats

File Path                          PID    Runtime      # DAGs    # Errors  Last Runtime    Last Run
---------------------------------  -----  ---------  --------  ----------  --------------  -------------------
/opt/airflow/dags/etl_pipeline.py                           0           1  0.98s           2026-05-01T07:34:59
================================================================================
[2026-05-01T07:35:46.098+0000] {manager.py:879} INFO - 
================================================================================
DAG File Processing Stats

File Path                          PID    Runtime      # DAGs    # Errors  Last Runtime    Last Run
---------------------------------  -----  ---------  --------  ----------  --------------  -------------------
/opt/airflow/dags/etl_pipeline.py                           0           1  0.52s           2026-05-01T07:35:30
================================================================================
[2026-05-01T07:36:16.162+0000] {manager.py:879} INFO - 
================================================================================
DAG File Processing Stats

File Path                          PID    Runtime      # DAGs    # Errors  Last Runtime    Last Run
---------------------------------  -----  ---------  --------  ----------  --------------  -------------------
/opt/airflow/dags/etl_pipeline.py                           0           1  0.41s           2026-05-01T07:36:01
================================================================================
[2026-05-01T07:36:46.375+0000] {manager.py:879} INFO - 
================================================================================
DAG File Processing Stats

File Path                          PID    Runtime      # DAGs    # Errors  Last Runtime    Last Run
---------------------------------  -----  ---------  --------  ----------  --------------  -------------------
/opt/airflow/dags/etl_pipeline.py                           0           1  0.40s           2026-05-01T07:36:31
================================================================================
[2026-05-01T07:37:16.384+0000] {manager.py:879} INFO - 
================================================================================
DAG File Processing Stats

File Path                          PID    Runtime      # DAGs    # Errors  Last Runtime    Last Run
---------------------------------  -----  ---------  --------  ----------  --------------  -------------------
/opt/airflow/dags/etl_pipeline.py                           0           1  0.46s           2026-05-01T07:37:02
================================================================================
[2026-05-01T07:37:18.392+0000] {manager.py:738} INFO - Searching for files in /opt/airflow/dags
[2026-05-01T07:37:18.409+0000] {manager.py:741} INFO - There are 1 files in /opt/airflow/dags
[2026-05-01T07:37:46.587+0000] {manager.py:879} INFO - 
================================================================================
DAG File Processing Stats

File Path                          PID    Runtime      # DAGs    # Errors  Last Runtime    Last Run
---------------------------------  -----  ---------  --------  ----------  --------------  -------------------
/opt/airflow/dags/etl_pipeline.py                           0           1  0.42s           2026-05-01T07:37:32
================================================================================
[2026-05-01T07:38:17.151+0000] {manager.py:879} INFO - 
================================================================================
DAG File Processing Stats

File Path                          PID    Runtime      # DAGs    # Errors  Last Runtime    Last Run
---------------------------------  -----  ---------  --------  ----------  --------------  -------------------
/opt/airflow/dags/etl_pipeline.py                           0           1  0.38s           2026-05-01T07:38:03
================================================================================
[2026-05-01T07:38:47.348+0000] {manager.py:879} INFO - 
================================================================================
DAG File Processing Stats

File Path                          PID    Runtime      # DAGs    # Errors  Last Runtime    Last Run
---------------------------------  -----  ---------  --------  ----------  --------------  -------------------
/opt/airflow/dags/etl_pipeline.py                           0           1  0.81s           2026-05-01T07:38:34
================================================================================
[2026-05-01T07:39:17.671+0000] {manager.py:879} INFO - 
================================================================================
DAG File Processing Stats

File Path                          PID    Runtime      # DAGs    # Errors  Last Runtime    Last Run
---------------------------------  -----  ---------  --------  ----------  --------------  -------------------
/opt/airflow/dags/etl_pipeline.py                           0           1  0.46s           2026-05-01T07:39:04
================================================================================
[2026-05-01T07:39:47.741+0000] {manager.py:879} INFO - 
================================================================================
DAG File Processing Stats

File Path                          PID    Runtime      # DAGs    # Errors  Last Runtime    Last Run
---------------------------------  -----  ---------  --------  ----------  --------------  -------------------
/opt/airflow/dags/etl_pipeline.py                           0           1  0.63s           2026-05-01T07:39:35
================================================================================
[2026-05-01T07:57:56.806+0000] {manager.py:469} INFO - Processing files using up to 2 processes at a time 
[2026-05-01T07:57:56.808+0000] {manager.py:470} INFO - Process each file at most once every 30 seconds
[2026-05-01T07:57:56.808+0000] {manager.py:471} INFO - Checking for new files in /opt/airflow/dags every 300 seconds
[2026-05-01T07:57:56.809+0000] {manager.py:738} INFO - Searching for files in /opt/airflow/dags
[2026-05-01T07:57:56.822+0000] {manager.py:741} INFO - There are 1 files in /opt/airflow/dags
[2026-05-01T07:57:56.919+0000] {manager.py:879} INFO - 
================================================================================
DAG File Processing Stats

File Path                            PID  Runtime      # DAGs    # Errors  Last Runtime    Last Run
---------------------------------  -----  ---------  --------  ----------  --------------  ----------
/opt/airflow/dags/etl_pipeline.py    163  0.04s             0           0
================================================================================
[2026-05-01T07:58:27.059+0000] {manager.py:879} INFO - 
================================================================================
DAG File Processing Stats

File Path                          PID    Runtime      # DAGs    # Errors  Last Runtime    Last Run
---------------------------------  -----  ---------  --------  ----------  --------------  -------------------
/opt/airflow/dags/etl_pipeline.py                           0           1  1.31s           2026-05-01T07:57:58
================================================================================
[2026-05-01T07:58:57.497+0000] {manager.py:879} INFO - 
================================================================================
DAG File Processing Stats

File Path                          PID    Runtime      # DAGs    # Errors  Last Runtime    Last Run
---------------------------------  -----  ---------  --------  ----------  --------------  -------------------
/opt/airflow/dags/etl_pipeline.py                           0           1  0.29s           2026-05-01T07:58:28
================================================================================
[2026-05-01T07:59:27.923+0000] {manager.py:879} INFO - 
================================================================================
DAG File Processing Stats

File Path                          PID    Runtime      # DAGs    # Errors  Last Runtime    Last Run
---------------------------------  -----  ---------  --------  ----------  --------------  -------------------
/opt/airflow/dags/etl_pipeline.py                           0           1  0.31s           2026-05-01T07:58:59
================================================================================
[2026-05-01T07:59:57.992+0000] {manager.py:879} INFO - 
================================================================================
DAG File Processing Stats

File Path                          PID    Runtime      # DAGs    # Errors  Last Runtime    Last Run
---------------------------------  -----  ---------  --------  ----------  --------------  -------------------
/opt/airflow/dags/etl_pipeline.py                           1           0  2.25s           2026-05-01T07:59:55
================================================================================
[2026-05-01T08:00:28.131+0000] {manager.py:879} INFO - 
================================================================================
DAG File Processing Stats

File Path                          PID    Runtime      # DAGs    # Errors  Last Runtime    Last Run
---------------------------------  -----  ---------  --------  ----------  --------------  -------------------
/opt/airflow/dags/etl_pipeline.py                           1           0  0.40s           2026-05-01T08:00:26
================================================================================
[2026-05-01T08:00:58.666+0000] {manager.py:879} INFO - 
================================================================================
DAG File Processing Stats

File Path                          PID    Runtime      # DAGs    # Errors  Last Runtime    Last Run
---------------------------------  -----  ---------  --------  ----------  --------------  -------------------
/opt/airflow/dags/etl_pipeline.py                           1           0  0.33s           2026-05-01T08:00:56
================================================================================
[2026-05-01T08:01:29.142+0000] {manager.py:879} INFO - 
================================================================================
DAG File Processing Stats

File Path                          PID    Runtime      # DAGs    # Errors  Last Runtime    Last Run
---------------------------------  -----  ---------  --------  ----------  --------------  -------------------
/opt/airflow/dags/etl_pipeline.py                           1           0  0.37s           2026-05-01T08:01:27
================================================================================
[2026-05-01T08:01:59.657+0000] {manager.py:879} INFO - 
================================================================================
DAG File Processing Stats

File Path                          PID    Runtime      # DAGs    # Errors  Last Runtime    Last Run
---------------------------------  -----  ---------  --------  ----------  --------------  -------------------
/opt/airflow/dags/etl_pipeline.py                           1           0  0.39s           2026-05-01T08:01:58
================================================================================
[2026-05-01T08:02:30.191+0000] {manager.py:879} INFO - 
================================================================================
DAG File Processing Stats

File Path                          PID    Runtime      # DAGs    # Errors  Last Runtime    Last Run
---------------------------------  -----  ---------  --------  ----------  --------------  -------------------
/opt/airflow/dags/etl_pipeline.py                           1           0  0.29s           2026-05-01T08:02:28
================================================================================
[2026-05-01T08:02:57.317+0000] {manager.py:738} INFO - Searching for files in /opt/airflow/dags
[2026-05-01T08:02:57.335+0000] {manager.py:741} INFO - There are 1 files in /opt/airflow/dags
[2026-05-01T08:03:00.615+0000] {manager.py:879} INFO - 
================================================================================
DAG File Processing Stats

File Path                          PID    Runtime      # DAGs    # Errors  Last Runtime    Last Run
---------------------------------  -----  ---------  --------  ----------  --------------  -------------------
/opt/airflow/dags/etl_pipeline.py                           1           0  0.31s           2026-05-01T08:02:58
================================================================================
[2026-05-01T08:03:31.070+0000] {manager.py:879} INFO - 
================================================================================
DAG File Processing Stats

File Path                          PID    Runtime      # DAGs    # Errors  Last Runtime    Last Run
---------------------------------  -----  ---------  --------  ----------  --------------  -------------------
/opt/airflow/dags/etl_pipeline.py                           1           0  0.33s           2026-05-01T08:03:29
================================================================================
[2026-05-01T08:04:01.539+0000] {manager.py:879} INFO - 
================================================================================
DAG File Processing Stats

File Path                          PID    Runtime      # DAGs    # Errors  Last Runtime    Last Run
---------------------------------  -----  ---------  --------  ----------  --------------  -------------------
/opt/airflow/dags/etl_pipeline.py                           1           0  0.29s           2026-05-01T08:03:59
================================================================================
[2026-05-01T08:04:31.966+0000] {manager.py:879} INFO - 
================================================================================
DAG File Processing Stats

File Path                          PID    Runtime      # DAGs    # Errors  Last Runtime    Last Run
---------------------------------  -----  ---------  --------  ----------  --------------  -------------------
/opt/airflow/dags/etl_pipeline.py                           1           0  0.31s           2026-05-01T08:04:30
================================================================================
[2026-05-01T08:05:02.413+0000] {manager.py:879} INFO - 
================================================================================
DAG File Processing Stats

File Path                          PID    Runtime      # DAGs    # Errors  Last Runtime    Last Run
---------------------------------  -----  ---------  --------  ----------  --------------  -------------------
/opt/airflow/dags/etl_pipeline.py                           1           0  0.28s           2026-05-01T08:05:00
================================================================================
[2026-05-01T08:05:32.835+0000] {manager.py:879} INFO - 
================================================================================
DAG File Processing Stats

File Path                          PID    Runtime      # DAGs    # Errors  Last Runtime    Last Run
---------------------------------  -----  ---------  --------  ----------  --------------  -------------------
/opt/airflow/dags/etl_pipeline.py                           1           0  0.33s           2026-05-01T08:05:31
================================================================================
[2026-05-01T08:06:03.302+0000] {manager.py:879} INFO - 
================================================================================
DAG File Processing Stats

File Path                          PID    Runtime      # DAGs    # Errors  Last Runtime    Last Run
---------------------------------  -----  ---------  --------  ----------  --------------  -------------------
/opt/airflow/dags/etl_pipeline.py                           1           0  0.31s           2026-05-01T08:06:01
================================================================================
