[2026-05-04T01:30:51.455+0000] {taskinstance.py:1956} INFO - Dependencies all met for dep_context=non-requeueable deps ti=<TaskInstance: etl_airbnb_pipeline.extract_airbnb manual__2026-05-04T01:20:46.840411+00:00 [queued]>
[2026-05-04T01:30:51.463+0000] {taskinstance.py:1956} INFO - Dependencies all met for dep_context=requeueable deps ti=<TaskInstance: etl_airbnb_pipeline.extract_airbnb manual__2026-05-04T01:20:46.840411+00:00 [queued]>
[2026-05-04T01:30:51.464+0000] {taskinstance.py:2170} INFO - Starting attempt 3 of 3
[2026-05-04T01:30:51.478+0000] {taskinstance.py:2191} INFO - Executing <Task(PythonOperator): extract_airbnb> on 2026-05-04 01:20:46.840411+00:00
[2026-05-04T01:30:51.483+0000] {standard_task_runner.py:60} INFO - Started process 478 to run task
[2026-05-04T01:30:51.486+0000] {standard_task_runner.py:87} INFO - Running: ['***', 'tasks', 'run', 'etl_airbnb_pipeline', 'extract_airbnb', 'manual__2026-05-04T01:20:46.840411+00:00', '--job-id', '40', '--raw', '--subdir', 'DAGS_FOLDER/etl_pipeline.py', '--cfg-path', '/tmp/tmpgluomhtl']
[2026-05-04T01:30:51.489+0000] {standard_task_runner.py:88} INFO - Job 40: Subtask extract_airbnb
[2026-05-04T01:30:51.545+0000] {task_command.py:423} INFO - Running <TaskInstance: etl_airbnb_pipeline.extract_airbnb manual__2026-05-04T01:20:46.840411+00:00 [running]> on host 885461ed5a85
[2026-05-04T01:30:51.781+0000] {taskinstance.py:2480} INFO - Exporting env vars: AIRFLOW_CTX_DAG_OWNER='jaime' AIRFLOW_CTX_DAG_ID='etl_airbnb_pipeline' AIRFLOW_CTX_TASK_ID='extract_airbnb' AIRFLOW_CTX_EXECUTION_DATE='2026-05-04T01:20:46.840411+00:00' AIRFLOW_CTX_TRY_NUMBER='3' AIRFLOW_CTX_DAG_RUN_ID='manual__2026-05-04T01:20:46.840411+00:00'
[2026-05-04T01:30:52.253+0000] {taskinstance.py:2698} ERROR - Task failed with exception
Traceback (most recent call last):
  File "/home/airflow/.local/lib/python3.8/site-packages/airflow/models/taskinstance.py", line 433, in _execute_task
    result = execute_callable(context=context, **execute_callable_kwargs)
  File "/home/airflow/.local/lib/python3.8/site-packages/airflow/operators/python.py", line 199, in execute
    return_value = self.execute_callable()
  File "/home/airflow/.local/lib/python3.8/site-packages/airflow/operators/python.py", line 216, in execute_callable
    return self.python_callable(*self.op_args, **self.op_kwargs)
  File "/opt/airflow/dags/etl_pipeline.py", line 26, in extract_airbnb
    shutil.copy2(origen,destino)
  File "/usr/local/lib/python3.8/shutil.py", line 436, in copy2
    copystat(src, dst, follow_symlinks=follow_symlinks)
  File "/usr/local/lib/python3.8/shutil.py", line 375, in copystat
    lookup("utime")(dst, ns=(st.st_atime_ns, st.st_mtime_ns),
PermissionError: [Errno 1] Operation not permitted
[2026-05-04T01:30:52.264+0000] {taskinstance.py:1138} INFO - Marking task as FAILED. dag_id=etl_airbnb_pipeline, task_id=extract_airbnb, execution_date=20260504T012046, start_date=20260504T013051, end_date=20260504T013052
[2026-05-04T01:30:52.276+0000] {standard_task_runner.py:107} ERROR - Failed to execute job 40 for task extract_airbnb ([Errno 1] Operation not permitted; 478)
[2026-05-04T01:30:52.301+0000] {local_task_job_runner.py:234} INFO - Task exited with return code 1
[2026-05-04T01:30:52.321+0000] {taskinstance.py:3280} INFO - 0 downstream tasks scheduled from follow-on schedule check
