[2026-05-04T01:08:11.834+0000] {taskinstance.py:1956} INFO - Dependencies all met for dep_context=non-requeueable deps ti=<TaskInstance: etl_airbnb_pipeline.extract_airbnb manual__2026-05-04T01:08:10+00:00 [queued]>
[2026-05-04T01:08:11.849+0000] {taskinstance.py:1956} INFO - Dependencies all met for dep_context=requeueable deps ti=<TaskInstance: etl_airbnb_pipeline.extract_airbnb manual__2026-05-04T01:08:10+00:00 [queued]>
[2026-05-04T01:08:11.850+0000] {taskinstance.py:2170} INFO - Starting attempt 1 of 3
[2026-05-04T01:08:11.863+0000] {taskinstance.py:2191} INFO - Executing <Task(PythonOperator): extract_airbnb> on 2026-05-04 01:08:10+00:00
[2026-05-04T01:08:11.870+0000] {standard_task_runner.py:60} INFO - Started process 187 to run task
[2026-05-04T01:08:11.907+0000] {standard_task_runner.py:87} INFO - Running: ['***', 'tasks', 'run', 'etl_airbnb_pipeline', 'extract_airbnb', 'manual__2026-05-04T01:08:10+00:00', '--job-id', '31', '--raw', '--subdir', 'DAGS_FOLDER/etl_pipeline.py', '--cfg-path', '/tmp/tmpxmak52oe']
[2026-05-04T01:08:11.910+0000] {standard_task_runner.py:88} INFO - Job 31: Subtask extract_airbnb
[2026-05-04T01:08:11.983+0000] {task_command.py:423} INFO - Running <TaskInstance: etl_airbnb_pipeline.extract_airbnb manual__2026-05-04T01:08:10+00:00 [running]> on host 885461ed5a85
[2026-05-04T01:08:12.326+0000] {taskinstance.py:2480} INFO - Exporting env vars: AIRFLOW_CTX_DAG_OWNER='jaime' AIRFLOW_CTX_DAG_ID='etl_airbnb_pipeline' AIRFLOW_CTX_TASK_ID='extract_airbnb' AIRFLOW_CTX_EXECUTION_DATE='2026-05-04T01:08:10+00:00' AIRFLOW_CTX_TRY_NUMBER='1' AIRFLOW_CTX_DAG_RUN_ID='manual__2026-05-04T01:08:10+00:00'
[2026-05-04T01:08:12.918+0000] {taskinstance.py:2698} ERROR - Task failed with exception
Traceback (most recent call last):
  File "/home/airflow/.local/lib/python3.8/site-packages/airflow/models/taskinstance.py", line 433, in _execute_task
    result = execute_callable(context=context, **execute_callable_kwargs)
  File "/home/airflow/.local/lib/python3.8/site-packages/airflow/operators/python.py", line 199, in execute
    return_value = self.execute_callable()
  File "/home/airflow/.local/lib/python3.8/site-packages/airflow/operators/python.py", line 216, in execute_callable
    return self.python_callable(*self.op_args, **self.op_kwargs)
  File "/opt/airflow/dags/etl_pipeline.py", line 26, in extract_airbnb
    shutil.copy(origen,destino)
  File "/usr/local/lib/python3.8/shutil.py", line 419, in copy
    copymode(src, dst, follow_symlinks=follow_symlinks)
  File "/usr/local/lib/python3.8/shutil.py", line 308, in copymode
    chmod_func(dst, stat.S_IMODE(st.st_mode))
PermissionError: [Errno 1] Operation not permitted: '/opt/airflow/data/raw/listings_clean.csv'
[2026-05-04T01:08:12.929+0000] {taskinstance.py:1138} INFO - Marking task as UP_FOR_RETRY. dag_id=etl_airbnb_pipeline, task_id=extract_airbnb, execution_date=20260504T010810, start_date=20260504T010811, end_date=20260504T010812
[2026-05-04T01:08:12.942+0000] {standard_task_runner.py:107} ERROR - Failed to execute job 31 for task extract_airbnb ([Errno 1] Operation not permitted: '/opt/airflow/data/raw/listings_clean.csv'; 187)
[2026-05-04T01:08:12.971+0000] {local_task_job_runner.py:234} INFO - Task exited with return code 1
[2026-05-04T01:08:12.994+0000] {taskinstance.py:3280} INFO - 0 downstream tasks scheduled from follow-on schedule check
