[2026-05-08T06:43:03.866+0000] {taskinstance.py:1956} INFO - Dependencies all met for dep_context=non-requeueable deps ti=<TaskInstance: etl_airbnb_pipeline.load_to_postgres scheduled__2026-05-05T00:00:00+00:00 [queued]>
[2026-05-08T06:43:03.875+0000] {taskinstance.py:1956} INFO - Dependencies all met for dep_context=requeueable deps ti=<TaskInstance: etl_airbnb_pipeline.load_to_postgres scheduled__2026-05-05T00:00:00+00:00 [queued]>
[2026-05-08T06:43:03.876+0000] {taskinstance.py:2170} INFO - Starting attempt 1 of 3
[2026-05-08T06:43:03.889+0000] {taskinstance.py:2191} INFO - Executing <Task(PythonOperator): load_to_postgres> on 2026-05-05 00:00:00+00:00
[2026-05-08T06:43:03.893+0000] {standard_task_runner.py:60} INFO - Started process 239 to run task
[2026-05-08T06:43:03.895+0000] {standard_task_runner.py:87} INFO - Running: ['***', 'tasks', 'run', 'etl_airbnb_pipeline', 'load_to_postgres', 'scheduled__2026-05-05T00:00:00+00:00', '--job-id', '56', '--raw', '--subdir', 'DAGS_FOLDER/etl_pipeline.py', '--cfg-path', '/tmp/tmptezhcb05']
[2026-05-08T06:43:03.897+0000] {standard_task_runner.py:88} INFO - Job 56: Subtask load_to_postgres
[2026-05-08T06:43:03.961+0000] {task_command.py:423} INFO - Running <TaskInstance: etl_airbnb_pipeline.load_to_postgres scheduled__2026-05-05T00:00:00+00:00 [running]> on host 885461ed5a85
[2026-05-08T06:43:04.042+0000] {taskinstance.py:2480} INFO - Exporting env vars: AIRFLOW_CTX_DAG_OWNER='jaime' AIRFLOW_CTX_DAG_ID='etl_airbnb_pipeline' AIRFLOW_CTX_TASK_ID='load_to_postgres' AIRFLOW_CTX_EXECUTION_DATE='2026-05-05T00:00:00+00:00' AIRFLOW_CTX_TRY_NUMBER='1' AIRFLOW_CTX_DAG_RUN_ID='scheduled__2026-05-05T00:00:00+00:00'
[2026-05-08T06:43:10.924+0000] {taskinstance.py:2698} ERROR - Task failed with exception
Traceback (most recent call last):
  File "/home/airflow/.local/lib/python3.8/site-packages/sqlalchemy/engine/base.py", line 1910, in _execute_context
    self.dialect.do_execute(
  File "/home/airflow/.local/lib/python3.8/site-packages/sqlalchemy/engine/default.py", line 736, in do_execute
    cursor.execute(statement, parameters)
psycopg2.errors.UniqueViolation: duplicate key value violates unique constraint "pg_type_typname_nsp_index"
DETAIL:  Key (typname, typnamespace)=(listings, 2200) already exists.


The above exception was the direct cause of the following exception:

Traceback (most recent call last):
  File "/home/airflow/.local/lib/python3.8/site-packages/airflow/models/taskinstance.py", line 433, in _execute_task
    result = execute_callable(context=context, **execute_callable_kwargs)
  File "/home/airflow/.local/lib/python3.8/site-packages/airflow/operators/python.py", line 199, in execute
    return_value = self.execute_callable()
  File "/home/airflow/.local/lib/python3.8/site-packages/airflow/operators/python.py", line 216, in execute_callable
    return self.python_callable(*self.op_args, **self.op_kwargs)
  File "/opt/airflow/dags/etl_pipeline.py", line 86, in load_to_postgres
    df.to_sql(tabla, engine, if_exists="replace", index=False)
  File "/home/airflow/.local/lib/python3.8/site-packages/pandas/core/generic.py", line 2878, in to_sql
    return sql.to_sql(
  File "/home/airflow/.local/lib/python3.8/site-packages/pandas/io/sql.py", line 769, in to_sql
    return pandas_sql.to_sql(
  File "/home/airflow/.local/lib/python3.8/site-packages/pandas/io/sql.py", line 1910, in to_sql
    table = self.prep_table(
  File "/home/airflow/.local/lib/python3.8/site-packages/pandas/io/sql.py", line 1814, in prep_table
    table.create()
  File "/home/airflow/.local/lib/python3.8/site-packages/pandas/io/sql.py", line 914, in create
    self._execute_create()
  File "/home/airflow/.local/lib/python3.8/site-packages/pandas/io/sql.py", line 900, in _execute_create
    self.table.create(bind=self.pd_sql.con)
  File "/home/airflow/.local/lib/python3.8/site-packages/sqlalchemy/sql/schema.py", line 962, in create
    bind._run_ddl_visitor(ddl.SchemaGenerator, self, checkfirst=checkfirst)
  File "/home/airflow/.local/lib/python3.8/site-packages/sqlalchemy/engine/base.py", line 2221, in _run_ddl_visitor
    visitorcallable(self.dialect, self, **kwargs).traverse_single(element)
  File "/home/airflow/.local/lib/python3.8/site-packages/sqlalchemy/sql/visitors.py", line 524, in traverse_single
    return meth(obj, **kw)
  File "/home/airflow/.local/lib/python3.8/site-packages/sqlalchemy/sql/ddl.py", line 899, in visit_table
    self.connection.execute(
  File "/home/airflow/.local/lib/python3.8/site-packages/sqlalchemy/engine/base.py", line 1385, in execute
    return meth(self, multiparams, params, _EMPTY_EXECUTION_OPTS)
  File "/home/airflow/.local/lib/python3.8/site-packages/sqlalchemy/sql/ddl.py", line 80, in _execute_on_connection
    return connection._execute_ddl(
  File "/home/airflow/.local/lib/python3.8/site-packages/sqlalchemy/engine/base.py", line 1477, in _execute_ddl
    ret = self._execute_context(
  File "/home/airflow/.local/lib/python3.8/site-packages/sqlalchemy/engine/base.py", line 1953, in _execute_context
    self._handle_dbapi_exception(
  File "/home/airflow/.local/lib/python3.8/site-packages/sqlalchemy/engine/base.py", line 2134, in _handle_dbapi_exception
    util.raise_(
  File "/home/airflow/.local/lib/python3.8/site-packages/sqlalchemy/util/compat.py", line 211, in raise_
    raise exception
  File "/home/airflow/.local/lib/python3.8/site-packages/sqlalchemy/engine/base.py", line 1910, in _execute_context
    self.dialect.do_execute(
  File "/home/airflow/.local/lib/python3.8/site-packages/sqlalchemy/engine/default.py", line 736, in do_execute
    cursor.execute(statement, parameters)
sqlalchemy.exc.IntegrityError: (psycopg2.errors.UniqueViolation) duplicate key value violates unique constraint "pg_type_typname_nsp_index"
DETAIL:  Key (typname, typnamespace)=(listings, 2200) already exists.

[SQL: 
CREATE TABLE listings (
	id BIGINT, 
	listing_url TEXT, 
	scrape_id BIGINT, 
	last_scraped TEXT, 
	source TEXT, 
	name TEXT, 
	description TEXT, 
	picture_url TEXT, 
	host_id BIGINT, 
	host_url TEXT, 
	host_profile_id BIGINT, 
	host_profile_url TEXT, 
	host_name TEXT, 
	hosts_time_as_user_years BIGINT, 
	hosts_time_as_user_months BIGINT, 
	hosts_time_as_host_years BIGINT, 
	hosts_time_as_host_months BIGINT, 
	host_location TEXT, 
	host_is_superhost TEXT, 
	host_picture_url TEXT, 
	host_listings_count BIGINT, 
	host_has_profile_pic TEXT, 
	host_identity_verified TEXT, 
	neighbourhood_cleansed TEXT, 
	latitude FLOAT(53), 
	longitude FLOAT(53), 
	property_type TEXT, 
	room_type TEXT, 
	accommodates BIGINT, 
	bathrooms FLOAT(53), 
	bathrooms_text TEXT, 
	bedrooms FLOAT(53), 
	beds FLOAT(53), 
	amenities TEXT, 
	minimum_nights FLOAT(53), 
	maximum_nights FLOAT(53), 
	minimum_minimum_nights FLOAT(53), 
	maximum_minimum_nights FLOAT(53), 
	minimum_maximum_nights FLOAT(53), 
	maximum_maximum_nights FLOAT(53), 
	minimum_nights_avg_ntm FLOAT(53), 
	maximum_nights_avg_ntm FLOAT(53), 
	has_availability TEXT, 
	availability_30 BIGINT, 
	availability_60 BIGINT, 
	availability_90 BIGINT, 
	availability_365 BIGINT, 
	calendar_last_scraped TEXT, 
	number_of_reviews BIGINT, 
	number_of_reviews_ltm BIGINT, 
	number_of_reviews_l30d BIGINT, 
	availability_eoy BIGINT, 
	number_of_reviews_ly BIGINT, 
	estimated_occupancy_l365d BIGINT, 
	first_review TEXT, 
	last_review TEXT, 
	review_scores_rating FLOAT(53), 
	review_scores_accuracy FLOAT(53), 
	review_scores_cleanliness FLOAT(53), 
	review_scores_checkin FLOAT(53), 
	review_scores_communication FLOAT(53), 
	review_scores_location FLOAT(53), 
	review_scores_value FLOAT(53), 
	calculated_host_listings_count BIGINT, 
	calculated_host_listings_count_entire_homes BIGINT, 
	calculated_host_listings_count_private_rooms BIGINT, 
	calculated_host_listings_count_shared_rooms BIGINT, 
	reviews_per_month FLOAT(53), 
	tiene_resenas BIGINT, 
	dias_activo FLOAT(53), 
	dias_desde_ultima_resena FLOAT(53), 
	antiguedad_total FLOAT(53)
)

]
(Background on this error at: https://sqlalche.me/e/14/gkpj)
[2026-05-08T06:43:10.946+0000] {taskinstance.py:1138} INFO - Marking task as UP_FOR_RETRY. dag_id=etl_airbnb_pipeline, task_id=load_to_postgres, execution_date=20260505T000000, start_date=20260508T064303, end_date=20260508T064310
[2026-05-08T06:43:10.960+0000] {standard_task_runner.py:107} ERROR - Failed to execute job 56 for task load_to_postgres ((psycopg2.errors.UniqueViolation) duplicate key value violates unique constraint "pg_type_typname_nsp_index"
DETAIL:  Key (typname, typnamespace)=(listings, 2200) already exists.

[SQL: 
CREATE TABLE listings (
	id BIGINT, 
	listing_url TEXT, 
	scrape_id BIGINT, 
	last_scraped TEXT, 
	source TEXT, 
	name TEXT, 
	description TEXT, 
	picture_url TEXT, 
	host_id BIGINT, 
	host_url TEXT, 
	host_profile_id BIGINT, 
	host_profile_url TEXT, 
	host_name TEXT, 
	hosts_time_as_user_years BIGINT, 
	hosts_time_as_user_months BIGINT, 
	hosts_time_as_host_years BIGINT, 
	hosts_time_as_host_months BIGINT, 
	host_location TEXT, 
	host_is_superhost TEXT, 
	host_picture_url TEXT, 
	host_listings_count BIGINT, 
	host_has_profile_pic TEXT, 
	host_identity_verified TEXT, 
	neighbourhood_cleansed TEXT, 
	latitude FLOAT(53), 
	longitude FLOAT(53), 
	property_type TEXT, 
	room_type TEXT, 
	accommodates BIGINT, 
	bathrooms FLOAT(53), 
	bathrooms_text TEXT, 
	bedrooms FLOAT(53), 
	beds FLOAT(53), 
	amenities TEXT, 
	minimum_nights FLOAT(53), 
	maximum_nights FLOAT(53), 
	minimum_minimum_nights FLOAT(53), 
	maximum_minimum_nights FLOAT(53), 
	minimum_maximum_nights FLOAT(53), 
	maximum_maximum_nights FLOAT(53), 
	minimum_nights_avg_ntm FLOAT(53), 
	maximum_nights_avg_ntm FLOAT(53), 
	has_availability TEXT, 
	availability_30 BIGINT, 
	availability_60 BIGINT, 
	availability_90 BIGINT, 
	availability_365 BIGINT, 
	calendar_last_scraped TEXT, 
	number_of_reviews BIGINT, 
	number_of_reviews_ltm BIGINT, 
	number_of_reviews_l30d BIGINT, 
	availability_eoy BIGINT, 
	number_of_reviews_ly BIGINT, 
	estimated_occupancy_l365d BIGINT, 
	first_review TEXT, 
	last_review TEXT, 
	review_scores_rating FLOAT(53), 
	review_scores_accuracy FLOAT(53), 
	review_scores_cleanliness FLOAT(53), 
	review_scores_checkin FLOAT(53), 
	review_scores_communication FLOAT(53), 
	review_scores_location FLOAT(53), 
	review_scores_value FLOAT(53), 
	calculated_host_listings_count BIGINT, 
	calculated_host_listings_count_entire_homes BIGINT, 
	calculated_host_listings_count_private_rooms BIGINT, 
	calculated_host_listings_count_shared_rooms BIGINT, 
	reviews_per_month FLOAT(53), 
	tiene_resenas BIGINT, 
	dias_activo FLOAT(53), 
	dias_desde_ultima_resena FLOAT(53), 
	antiguedad_total FLOAT(53)
)

]
(Background on this error at: https://sqlalche.me/e/14/gkpj); 239)
[2026-05-08T06:43:10.980+0000] {local_task_job_runner.py:234} INFO - Task exited with return code 1
[2026-05-08T06:43:10.996+0000] {taskinstance.py:3280} INFO - 0 downstream tasks scheduled from follow-on schedule check
