[2026-05-01T08:09:21.796+0000] {taskinstance.py:1956} INFO - Dependencies all met for dep_context=non-requeueable deps ti=<TaskInstance: etl_airbnb_pipeline.extract_bcra scheduled__2026-04-30T00:00:00+00:00 [queued]>
[2026-05-01T08:09:21.803+0000] {taskinstance.py:1956} INFO - Dependencies all met for dep_context=requeueable deps ti=<TaskInstance: etl_airbnb_pipeline.extract_bcra scheduled__2026-04-30T00:00:00+00:00 [queued]>
[2026-05-01T08:09:21.804+0000] {taskinstance.py:2170} INFO - Starting attempt 1 of 3
[2026-05-01T08:09:21.817+0000] {taskinstance.py:2191} INFO - Executing <Task(PythonOperator): extract_bcra> on 2026-04-30 00:00:00+00:00
[2026-05-01T08:09:21.824+0000] {standard_task_runner.py:60} INFO - Started process 198 to run task
[2026-05-01T08:09:21.826+0000] {standard_task_runner.py:87} INFO - Running: ['***', 'tasks', 'run', 'etl_airbnb_pipeline', 'extract_bcra', 'scheduled__2026-04-30T00:00:00+00:00', '--job-id', '5', '--raw', '--subdir', 'DAGS_FOLDER/etl_pipeline.py', '--cfg-path', '/tmp/tmpalcpriqq']
[2026-05-01T08:09:21.828+0000] {standard_task_runner.py:88} INFO - Job 5: Subtask extract_bcra
[2026-05-01T08:09:21.898+0000] {task_command.py:423} INFO - Running <TaskInstance: etl_airbnb_pipeline.extract_bcra scheduled__2026-04-30T00:00:00+00:00 [running]> on host 4cce66f2f043
[2026-05-01T08:09:22.424+0000] {taskinstance.py:2480} INFO - Exporting env vars: AIRFLOW_CTX_DAG_OWNER='jaime' AIRFLOW_CTX_DAG_ID='etl_airbnb_pipeline' AIRFLOW_CTX_TASK_ID='extract_bcra' AIRFLOW_CTX_EXECUTION_DATE='2026-04-30T00:00:00+00:00' AIRFLOW_CTX_TRY_NUMBER='1' AIRFLOW_CTX_DAG_RUN_ID='scheduled__2026-04-30T00:00:00+00:00'
[2026-05-01T08:09:22.891+0000] {logging_mixin.py:188} WARNING - /home/***/.local/lib/python3.8/site-packages/urllib3/connectionpool.py:1061 InsecureRequestWarning: Unverified HTTPS request is being made to host 'api.bcra.gob.ar'. Adding certificate verification is strongly advised. See: https://urllib3.readthedocs.io/en/1.26.x/advanced-usage.html#ssl-warnings
[2026-05-01T08:09:22.961+0000] {taskinstance.py:2698} ERROR - Task failed with exception
Traceback (most recent call last):
  File "/home/airflow/.local/lib/python3.8/site-packages/airflow/models/taskinstance.py", line 433, in _execute_task
    result = execute_callable(context=context, **execute_callable_kwargs)
  File "/home/airflow/.local/lib/python3.8/site-packages/airflow/operators/python.py", line 199, in execute
    return_value = self.execute_callable()
  File "/home/airflow/.local/lib/python3.8/site-packages/airflow/operators/python.py", line 216, in execute_callable
    return self.python_callable(*self.op_args, **self.op_kwargs)
  File "/opt/airflow/dags/etl_pipeline.py", line 50, in extract_bcra
    response.raise_for_status()
  File "/home/airflow/.local/lib/python3.8/site-packages/requests/models.py", line 1021, in raise_for_status
    raise HTTPError(http_error_msg, response=self)
requests.exceptions.HTTPError: 404 Client Error: Not Found for url: https://api.bcra.gob.ar/estadisticas/v3.0/monetarias/1/1/30
[2026-05-01T08:09:22.975+0000] {taskinstance.py:1138} INFO - Marking task as UP_FOR_RETRY. dag_id=etl_airbnb_pipeline, task_id=extract_bcra, execution_date=20260430T000000, start_date=20260501T080921, end_date=20260501T080922
[2026-05-01T08:09:22.991+0000] {standard_task_runner.py:107} ERROR - Failed to execute job 5 for task extract_bcra (404 Client Error: Not Found for url: https://api.bcra.gob.ar/estadisticas/v3.0/monetarias/1/1/30; 198)
[2026-05-01T08:09:23.007+0000] {local_task_job_runner.py:234} INFO - Task exited with return code 1
[2026-05-01T08:09:23.026+0000] {taskinstance.py:3280} INFO - 0 downstream tasks scheduled from follow-on schedule check
